2019-09-16 15:16:20,897 - framework.testreport - INFO - successed to generate test report [C:\Users\admin\PycharmProjects\Zcy_Vaccine\reports\testReport\report2019-09-16 15_16_20.html]
2019-09-16 15:16:23,352 - framework.driver - INFO - found the chrome driver [<selenium.webdriver.chrome.webdriver.WebDriver (session="d035cf6216996c72c7e76dd68edfa299")>] successed !
2019-09-16 15:16:23,352 - framework.myunit - INFO - opened the browser successed!
2019-09-16 15:16:26,938 - pageobjects.login_page - INFO - https://login-staging.zcygov.cn/login 打开登录地址成功
2019-09-16 15:16:27,008 - framework.base_page - INFO - 清除文本框内容成功username
2019-09-16 15:16:27,139 - framework.base_page - INFO - 输入的内容：13777466979
2019-09-16 15:16:27,213 - framework.base_page - INFO - 清除文本框内容成功password
2019-09-16 15:16:27,319 - framework.base_page - INFO - 输入的内容：test123456
2019-09-16 15:16:31,382 - framework.base_page - INFO - 点击元素成功//button[@class='ant-btn login-btn password-login ant-btn-primary']
2019-09-16 15:16:31,382 - framework.myunit - INFO - ************************starting run test cases************************
2019-09-16 15:16:32,182 - framework.base_page - INFO - https://cart-staging.zcygov.cn/ 地址正常打开
2019-09-16 15:16:35,366 - framework.base_page - INFO - 点击元素成功//div[@class="float-bar-action-del"]/a[text()="删除"]
2019-09-16 15:16:38,436 - pageobjects.order_page - INFO - 删除商品成功
2019-09-16 15:16:39,435 - framework.base_page - INFO - https://vaccine-staging.zcygov.cn/items/175600205?searchType=1&type=vaccine&utm=a0004.2ef5001f.0.0.33d8ffd0ca0411e9af8ed36431cbf75c 地址正常打开
2019-09-16 15:16:40,229 - framework.base_page - INFO - 点击元素成功//*[contains(text(),"加入购物车")]
2019-09-16 15:16:41,609 - framework.base_page - INFO - 点击元素成功//*[contains(text(),"查看购物车")]
2019-09-16 15:16:58,360 - framework.base_page - INFO - 点击元素成功select2-selection__placeholder
2019-09-16 15:16:58,472 - framework.base_page - INFO - 点击元素成功//li[text()="席胜军"]
2019-09-16 15:16:58,581 - framework.base_page - INFO - 点击元素成功//button[text()="提交"]
2019-09-16 15:16:58,954 - framework.base_page - INFO - 点击元素成功submit
2019-09-16 15:17:00,491 - framework.base_page - INFO - 点击元素成功//button[@class="btn btn-minor submit close"]
2019-09-16 15:17:00,565 - framework.base_page - INFO - 点击元素成功shrink-png
2019-09-16 15:17:00,667 - framework.myunit - INFO - ************************test case run completed************************
2019-09-16 15:17:04,224 - framework.myunit - INFO - quit the browser success!
2019-09-16 15:17:04,232 - framework.send_email - INFO - 添加附件
2019-09-16 15:17:04,381 - framework.send_email - INFO - 连接成功
2019-09-16 15:17:05,798 - framework.send_email - INFO - 2019-09-16-15_17_05----发送邮件成功
