2019-09-16 16:22:36,491 - framework.testreport - INFO - successed to generate test report [C:\Users\admin\PycharmProjects\Zcy_Vaccine\reports\testReport\report2019-09-16 16_22_36.html]
2019-09-16 16:22:38,988 - framework.driver - INFO - found the chrome driver [<selenium.webdriver.chrome.webdriver.WebDriver (session="89ee0c5db64b4429fd9018c10847f606")>] successed !
2019-09-16 16:22:38,988 - framework.myunit - INFO - opened the browser successed!
2019-09-16 16:22:42,071 - pageobjects.login_page - INFO - https://login-staging.zcygov.cn/login 打开登录地址成功
2019-09-16 16:22:42,138 - framework.base_page - INFO - 清除文本框内容成功username
2019-09-16 16:22:42,264 - framework.base_page - INFO - 输入的内容：13777466979
2019-09-16 16:22:42,333 - framework.base_page - INFO - 清除文本框内容成功password
2019-09-16 16:22:42,440 - framework.base_page - INFO - 输入的内容：test123456
2019-09-16 16:22:46,750 - framework.base_page - INFO - 点击元素成功//button[@class='ant-btn login-btn password-login ant-btn-primary']
2019-09-16 16:22:46,750 - framework.myunit - INFO - ************************starting run test cases************************
2019-09-16 16:22:47,703 - framework.base_page - INFO - https://cart-staging.zcygov.cn/ 地址正常打开
2019-09-16 16:22:50,895 - framework.base_page - INFO - 点击元素成功//div[@class="float-bar-action-del"]/a[text()="删除"]
2019-09-16 16:22:56,955 - pageobjects.order_page - INFO - 删除商品失败
2019-09-16 16:22:58,035 - framework.base_page - INFO - https://vaccine-staging.zcygov.cn/items/175600205?searchType=1&type=vaccine&utm=a0004.2ef5001f.0.0.33d8ffd0ca0411e9af8ed36431cbf75c 地址正常打开
2019-09-16 16:22:58,677 - framework.base_page - INFO - 点击元素成功//*[contains(text(),"加入购物车")]
2019-09-16 16:23:00,101 - framework.base_page - INFO - 点击元素成功//*[contains(text(),"查看购物车")]
2019-09-16 16:23:16,857 - framework.base_page - INFO - 点击元素成功select2-selection__placeholder
2019-09-16 16:23:16,937 - framework.base_page - INFO - 点击元素成功//li[text()="席胜军"]
2019-09-16 16:23:17,044 - framework.base_page - INFO - 点击元素成功//button[text()="提交"]
2019-09-16 16:23:17,538 - framework.base_page - INFO - 点击元素成功submit
2019-09-16 16:23:19,058 - framework.base_page - INFO - 点击元素成功//button[@class="btn btn-minor submit close"]
2019-09-16 16:23:22,129 - framework.base_page - INFO - 点击元素成功shrink-png
2019-09-16 16:23:26,523 - framework.base_page - INFO - 点击元素成功div.pur-list-body > table > tbody > tr:nth-child(1) > td:nth-child(7) > a:nth-child(1)
2019-09-16 16:23:26,663 - framework.base_page - INFO - 点击元素成功//button[text()="提交审核意见"]
2019-09-16 16:23:26,751 - framework.base_page - INFO - 点击元素成功submit
2019-09-16 16:23:28,095 - framework.base_page - INFO - 点击元素成功//button[@class="btn btn-minor submit close"]
2019-09-16 16:23:28,145 - framework.base_page - INFO - 获取元素内容: 财务审核
2019-09-16 16:23:28,427 - framework.base_page - INFO - 截图 [test_33307_pass.png] 成功保存在 [C:\Users\admin\PycharmProjects\Zcy_Vaccine\reports\screenshots\pass]
2019-09-16 16:23:28,428 - test_33307 - INFO - 运行成功：部门审核成功
2019-09-16 16:23:28,439 - framework.myunit - INFO - ************************test case run completed************************
2019-09-16 16:23:30,690 - framework.myunit - INFO - quit the browser success!
