2019-08-29 14:09:20,953 - framework.testreport - INFO - successed to generate test report [C:\Users\admin\PycharmProjects\Zcy_Vaccine\reports\testReport\report2019-08-29 14_09_20.html]
2019-08-29 14:09:23,422 - framework.driver - INFO - found the chrome driver [<selenium.webdriver.chrome.webdriver.WebDriver (session="c58c6eb2b8198135f8053d571c968fd7")>] successed !
2019-08-29 14:09:24,544 - framework.myunit - INFO - opened the browser successed!
2019-08-29 14:09:29,331 - pageobjects.login_page - INFO - https://login-staging.zcygov.cn/login 打开登录地址成功
2019-08-29 14:09:29,390 - framework.base_page - INFO - 清除文本框内容成功username
2019-08-29 14:09:29,491 - framework.base_page - INFO - 输入的内容：13777466979
2019-08-29 14:09:29,547 - framework.base_page - INFO - 清除文本框内容成功password
2019-08-29 14:09:29,644 - framework.base_page - INFO - 输入的内容：test123456
2019-08-29 14:09:36,819 - framework.base_page - INFO - 点击元素成功//button[@class='ant-btn login-btn password-login ant-btn-primary']
2019-08-29 14:09:36,819 - framework.myunit - INFO - ************************starting run test cases************************
2019-08-29 14:09:43,118 - framework.base_page - INFO - https://cart-staging.zcygov.cn/ 地址正常打开
2019-08-29 14:09:46,303 - framework.base_page - INFO - 点击元素成功//div[@class="float-bar-action-del"]/a[text()="删除"]
2019-08-29 14:09:52,348 - pageobjects.order_page - INFO - 删除商品失败
2019-08-29 14:09:57,886 - framework.base_page - INFO - https://vaccine-staging.zcygov.cn/items/175600205?searchType=1&type=vaccine&utm=a0004.2ef5001f.0.0.33d8ffd0ca0411e9af8ed36431cbf75c 地址正常打开
2019-08-29 14:10:02,985 - framework.base_page - INFO - 点击元素成功//*[contains(text(),"加入购物车")]
2019-08-29 14:10:05,495 - framework.base_page - INFO - 点击元素成功//*[contains(text(),"查看购物车")]
2019-08-29 14:10:15,930 - framework.base_page - INFO - 截图 [test_33305_fail.png] 成功保存在 [C:\Users\admin\PycharmProjects\Zcy_Vaccine\reports\screenshots\fail]
2019-08-29 14:10:15,944 - framework.myunit - INFO - ************************test case run completed************************
2019-08-29 14:10:17,766 - pageobjects.login_page - INFO - https://login-staging.zcygov.cn/login 打开登录地址成功
2019-08-29 14:10:17,826 - framework.base_page - INFO - 清除文本框内容成功username
2019-08-29 14:10:17,925 - framework.base_page - INFO - 输入的内容：13777466979
2019-08-29 14:10:17,984 - framework.base_page - INFO - 清除文本框内容成功password
2019-08-29 14:10:18,070 - framework.base_page - INFO - 输入的内容：test123456
2019-08-29 14:10:20,478 - framework.base_page - INFO - 点击元素成功//button[@class='ant-btn login-btn password-login ant-btn-primary']
2019-08-29 14:10:20,478 - framework.myunit - INFO - ************************starting run test cases************************
2019-08-29 14:10:21,158 - framework.base_page - INFO - https://cart-staging.zcygov.cn/ 地址正常打开
2019-08-29 14:10:24,315 - framework.base_page - INFO - 点击元素成功//div[@class="float-bar-action-del"]/a[text()="删除"]
2019-08-29 14:10:30,362 - pageobjects.order_page - INFO - 删除商品失败
2019-08-29 14:10:31,049 - framework.base_page - INFO - https://vaccine-staging.zcygov.cn/items/175600205?searchType=1&type=vaccine&utm=a0004.2ef5001f.0.0.33d8ffd0ca0411e9af8ed36431cbf75c 地址正常打开
2019-08-29 14:10:36,149 - framework.base_page - INFO - 点击元素成功//*[contains(text(),"加入购物车")]
2019-08-29 14:10:37,642 - framework.base_page - INFO - 点击元素成功//*[contains(text(),"查看购物车")]
2019-08-29 14:10:48,058 - framework.base_page - INFO - 截图 [test_33305_fail.png] 成功保存在 [C:\Users\admin\PycharmProjects\Zcy_Vaccine\reports\screenshots\fail]
2019-08-29 14:10:48,081 - framework.myunit - INFO - ************************test case run completed************************
2019-08-29 14:10:50,913 - framework.myunit - INFO - quit the browser success!
