2019-08-30 14:45:43,149 - framework.testreport - INFO - successed to generate test report [C:\Users\admin\PycharmProjects\Zcy_Vaccine\reports\testReport\report2019-08-30 14_45_43.html]
2019-08-30 14:45:45,885 - framework.driver - INFO - found the chrome driver [<selenium.webdriver.chrome.webdriver.WebDriver (session="14149ed70c312c711a6098bc043456a2")>] successed !
2019-08-30 14:45:47,015 - framework.myunit - INFO - opened the browser successed!
2019-08-30 14:45:49,401 - pageobjects.login_page - INFO - https://login-staging.zcygov.cn/login 打开登录地址成功
2019-08-30 14:45:49,480 - framework.base_page - INFO - 清除文本框内容成功username
2019-08-30 14:45:49,625 - framework.base_page - INFO - 输入的内容：13777466979
2019-08-30 14:45:49,691 - framework.base_page - INFO - 清除文本框内容成功password
2019-08-30 14:45:49,821 - framework.base_page - INFO - 输入的内容：test123456
2019-08-30 14:45:54,391 - framework.base_page - INFO - 点击元素成功//button[@class='ant-btn login-btn password-login ant-btn-primary']
2019-08-30 14:45:54,391 - framework.myunit - INFO - ************************starting run test cases************************
2019-08-30 14:45:55,357 - framework.base_page - INFO - https://cart-staging.zcygov.cn/ 地址正常打开
2019-08-30 14:45:58,607 - framework.base_page - INFO - 点击元素成功//div[@class="float-bar-action-del"]/a[text()="删除"]
2019-08-30 14:46:01,693 - pageobjects.order_page - INFO - 删除商品成功
2019-08-30 14:46:02,372 - framework.base_page - INFO - https://vaccine-staging.zcygov.cn/items/175600205?searchType=1&type=vaccine&utm=a0004.2ef5001f.0.0.33d8ffd0ca0411e9af8ed36431cbf75c 地址正常打开
2019-08-30 14:46:05,506 - framework.base_page - INFO - 点击元素成功//*[contains(text(),"加入购物车")]
2019-08-30 14:46:06,857 - framework.base_page - INFO - 点击元素成功//*[contains(text(),"查看购物车")]
2019-08-30 14:46:26,443 - framework.base_page - INFO - 点击元素成功select2-selection__placeholder
2019-08-30 14:46:26,533 - framework.base_page - INFO - 点击元素成功//li[text()="席胜军"]
2019-08-30 14:46:26,662 - framework.base_page - INFO - 点击元素成功//button[text()="提交"]
2019-08-30 14:46:27,139 - framework.base_page - INFO - 点击元素成功submit
2019-08-30 14:46:28,937 - framework.base_page - INFO - 点击元素成功//button[@class="btn btn-minor submit close"]
2019-08-30 14:46:29,006 - framework.base_page - INFO - 获取元素内容: 部门审核
2019-08-30 14:46:29,313 - framework.base_page - INFO - 截图 [test_33306_pass.png] 成功保存在 [C:\Users\admin\PycharmProjects\Zcy_Vaccine\reports\screenshots\pass]
2019-08-30 14:46:29,330 - framework.myunit - INFO - ************************test case run completed************************
2019-08-30 14:46:31,626 - framework.myunit - INFO - quit the browser success!
