2019-09-04 10:30:13,131 - framework.testreport - INFO - successed to generate test report [C:\Users\admin\PycharmProjects\Zcy_Vaccine\reports\testReport\report2019-09-04 10_30_13.html]
2019-09-04 10:30:16,021 - framework.driver - INFO - found the chrome driver [<selenium.webdriver.chrome.webdriver.WebDriver (session="61a51f8325e15c1ff420c9c9f8965cee")>] successed !
2019-09-04 10:30:17,159 - framework.myunit - INFO - opened the browser successed!
2019-09-04 10:30:19,651 - pageobjects.login_page - INFO - https://login-staging.zcygov.cn/login 打开登录地址成功
2019-09-04 10:30:19,730 - framework.base_page - INFO - 清除文本框内容成功username
2019-09-04 10:30:19,844 - framework.base_page - INFO - 输入的内容：13777466979
2019-09-04 10:30:19,907 - framework.base_page - INFO - 清除文本框内容成功password
2019-09-04 10:30:19,998 - framework.base_page - INFO - 输入的内容：test123456
2019-09-04 10:30:24,567 - framework.base_page - INFO - 点击元素成功//button[@class='ant-btn login-btn password-login ant-btn-primary']
2019-09-04 10:30:24,568 - framework.myunit - INFO - ************************starting run test cases************************
2019-09-04 10:30:25,915 - framework.base_page - INFO - https://vaccine-staging.zcygov.cn/items/175600205?searchType=1&type=vaccine&utm=a0004.2ef5001f.0.0.33d8ffd0ca0411e9af8ed36431cbf75c 地址正常打开
2019-09-04 10:30:28,027 - framework.base_page - INFO - 点击元素成功//*[contains(text(),"立即下单")]
2019-09-04 10:30:37,834 - framework.base_page - INFO - 点击元素成功select2-selection__placeholder
2019-09-04 10:30:37,921 - framework.base_page - INFO - 点击元素成功//li[text()="席胜军"]
2019-09-04 10:30:38,024 - framework.base_page - INFO - 点击元素成功//button[text()="提交"]
2019-09-04 10:30:38,405 - framework.base_page - INFO - 点击元素成功submit
2019-09-04 10:30:40,374 - framework.base_page - INFO - 点击元素成功//button[@class="btn btn-minor submit close"]
2019-09-04 10:30:42,077 - framework.base_page - INFO - 点击元素成功div.pur-list-body > table > tbody > tr:nth-child(1) > td:nth-child(7) > a:nth-child(1)
2019-09-04 10:30:42,229 - framework.base_page - INFO - 点击元素成功//button[text()="提交审核意见"]
2019-09-04 10:30:42,309 - framework.base_page - INFO - 点击元素成功submit
2019-09-04 10:30:43,691 - framework.base_page - INFO - 点击元素成功//button[@class="btn btn-minor submit close"]
2019-09-04 10:30:45,211 - framework.base_page - INFO - 点击元素成功div.pur-list-body > table > tbody > tr:nth-child(1) > td:nth-child(7) > a:nth-child(1)
2019-09-04 10:30:45,329 - framework.base_page - INFO - 点击元素成功//button[text()="提交审核意见"]
2019-09-04 10:30:45,412 - framework.base_page - INFO - 点击元素成功submit
2019-09-04 10:30:46,694 - framework.base_page - INFO - 点击元素成功//button[@class="btn btn-minor submit close"]
2019-09-04 10:30:48,228 - framework.base_page - INFO - 点击元素成功div.pur-list-body > table > tbody > tr:nth-child(1) > td:nth-child(7) > a:nth-child(1)
2019-09-04 10:30:48,345 - framework.base_page - INFO - 点击元素成功//button[text()="提交审核意见"]
2019-09-04 10:30:48,424 - framework.base_page - INFO - 点击元素成功submit
2019-09-04 10:30:49,695 - framework.base_page - INFO - 点击元素成功//button[@class="btn btn-minor submit close"]
2019-09-04 10:30:50,734 - framework.base_page - INFO - 点击元素成功div.pur-list-body > table > tbody > tr:nth-child(1) > td:nth-child(7) > a:nth-child(1)
2019-09-04 10:30:50,848 - framework.base_page - INFO - 点击元素成功//button[text()="确定订单"]
2019-09-04 10:30:52,863 - framework.base_page - INFO - 刷新页面
2019-09-04 10:30:53,800 - framework.base_page - INFO - 点击元素成功header-right-user-avatar
2019-09-04 10:30:55,772 - framework.base_page - INFO - 点击元素成功logout
2019-09-04 10:31:00,839 - framework.base_page - INFO - 清除文本框内容成功username
2019-09-04 10:31:00,934 - framework.base_page - INFO - 输入的内容：SINOVAC
2019-09-04 10:31:00,995 - framework.base_page - INFO - 清除文本框内容成功password
2019-09-04 10:31:01,086 - framework.base_page - INFO - 输入的内容：test123456
2019-09-04 10:31:03,238 - framework.base_page - INFO - 点击元素成功//button[@class='ant-btn login-btn password-login ant-btn-primary']
2019-09-04 10:31:04,952 - framework.base_page - INFO - https://staging.zcygov.cn/seller/vaccine-orders 地址正常打开
2019-09-04 10:31:05,038 - framework.base_page - INFO - 点击元素成功div.order-form-list-body > table > tbody > tr:nth-child(1)  > td:nth-child(7) > a
2019-09-04 10:31:05,309 - framework.base_page - INFO - 点击元素成功//button[text()="确认接单"]
2019-09-04 10:31:05,328 - framework.base_page - INFO - 刷新页面
2019-09-04 10:31:08,556 - framework.base_page - INFO - 点击元素成功div.order-form-list-body > table > tbody > tr:nth-child(1)  > td:nth-child(7) > a:nth-child(3)
2019-09-04 10:31:08,669 - framework.base_page - INFO - 点击元素成功selectric-js-all-select-warehouse
2019-09-04 10:31:08,783 - framework.base_page - INFO - 点击元素成功//li[contains(text(),"默认仓库")]
2019-09-04 10:31:08,845 - framework.base_page - INFO - 清除文本框内容成功js-shipmentNo
2019-09-04 10:31:08,952 - framework.base_page - INFO - 输入的内容：12222221
2019-09-04 10:31:09,045 - framework.base_page - INFO - 点击元素成功//*[@type="checkbox"]
2019-09-04 10:31:09,159 - framework.base_page - INFO - 点击元素成功//*[contains(text(),"添加批号")]
2019-09-04 10:31:09,411 - framework.base_page - INFO - 点击元素成功select2-selection__rendered
2019-09-04 10:31:09,480 - framework.base_page - INFO - 点击元素成功ul.select2-results__options > li:nth-child(2)
2019-09-04 10:31:09,549 - framework.base_page - INFO - 清除文本框内容成功goodsCount
2019-09-04 10:31:09,595 - framework.base_page - INFO - 输入的内容：1
2019-09-04 10:31:09,667 - framework.base_page - INFO - 点击元素成功//button[text()="确定"]
2019-09-04 10:31:14,747 - framework.base_page - INFO - 点击元素成功//button[text()="确认发货"]
2019-09-04 10:31:19,814 - framework.base_page - INFO - 点击元素成功header-right-user-avatar
2019-09-04 10:31:21,082 - framework.base_page - INFO - 点击元素成功logout
2019-09-04 10:31:26,138 - framework.base_page - INFO - 清除文本框内容成功username
2019-09-04 10:31:26,247 - framework.base_page - INFO - 输入的内容：13777466979
2019-09-04 10:31:26,300 - framework.base_page - INFO - 清除文本框内容成功password
2019-09-04 10:31:26,393 - framework.base_page - INFO - 输入的内容：test123456
2019-09-04 10:31:28,751 - framework.base_page - INFO - 点击元素成功//button[@class='ant-btn login-btn password-login ant-btn-primary']
2019-09-04 10:31:30,104 - framework.base_page - INFO - https://staging.zcygov.cn/buyer/vaccine-orders 地址正常打开
2019-09-04 10:31:31,915 - framework.base_page - INFO - 点击元素成功div.order-form-list-body > table > tbody > tr:nth-child(1) > td:nth-child(8)> a:nth-child(1)
2019-09-04 10:31:32,077 - framework.base_page - INFO - 点击元素成功确认收货
2019-09-04 10:31:32,475 - framework.base_page - INFO - 点击元素成功hasChecked
2019-09-04 10:31:32,546 - framework.base_page - INFO - 点击元素成功//button[text()="确认收货"]
2019-09-04 10:31:33,201 - framework.base_page - INFO - 浏览器后退操作
2019-09-04 10:31:33,219 - framework.base_page - INFO - 刷新页面
2019-09-04 10:31:44,355 - framework.base_page - ERROR - 查找元素超时:div.order-form-list-body > table > tbody > tr:nth-child(1) > td:nth-child(8)> a:nth-child(2)
Traceback (most recent call last):
  File "C:\Users\admin\PycharmProjects\Zcy_Vaccine\framework\base_page.py", line 106, in find_element
    EC.visibility_of(self.driver.find_element_by_css_selector(value)))
  File "C:\Users\admin\PycharmProjects\UITest\venv\lib\site-packages\selenium\webdriver\remote\webdriver.py", line 598, in find_element_by_css_selector
    return self.find_element(by=By.CSS_SELECTOR, value=css_selector)
  File "C:\Users\admin\PycharmProjects\UITest\venv\lib\site-packages\selenium\webdriver\remote\webdriver.py", line 978, in find_element
    'value': value})['value']
  File "C:\Users\admin\PycharmProjects\UITest\venv\lib\site-packages\selenium\webdriver\remote\webdriver.py", line 321, in execute
    self.error_handler.check_response(response)
  File "C:\Users\admin\PycharmProjects\UITest\venv\lib\site-packages\selenium\webdriver\remote\errorhandler.py", line 242, in check_response
    raise exception_class(message, screen, stacktrace)
selenium.common.exceptions.NoSuchElementException: Message: no such element: Unable to locate element: {"method":"css selector","selector":"div.order-form-list-body > table > tbody > tr:nth-child(1) > td:nth-child(8)> a:nth-child(2)"}
  (Session info: chrome=73.0.3683.103)
  (Driver info: chromedriver=2.40.565498 (ea082db3280dd6843ebfb08a625e3eb905c4f5ab),platform=Windows NT 10.0.17134 x86_64)

2019-09-04 10:31:44,381 - framework.myunit - INFO - ************************test case run completed************************
2019-09-04 10:31:46,366 - pageobjects.login_page - INFO - https://login-staging.zcygov.cn/login 打开登录地址成功
2019-09-04 10:31:46,423 - framework.base_page - INFO - 清除文本框内容成功username
2019-09-04 10:31:46,532 - framework.base_page - INFO - 输入的内容：13777466979
2019-09-04 10:31:46,592 - framework.base_page - INFO - 清除文本框内容成功password
2019-09-04 10:31:46,673 - framework.base_page - INFO - 输入的内容：test123456
2019-09-04 10:31:48,000 - framework.base_page - INFO - 点击元素成功//button[@class='ant-btn login-btn password-login ant-btn-primary']
2019-09-04 10:31:48,001 - framework.myunit - INFO - ************************starting run test cases************************
2019-09-04 10:31:48,606 - framework.base_page - INFO - https://vaccine-staging.zcygov.cn/items/175600205?searchType=1&type=vaccine&utm=a0004.2ef5001f.0.0.33d8ffd0ca0411e9af8ed36431cbf75c 地址正常打开
