2019-08-29 11:38:38,668 - framework.testreport - INFO - successed to generate test report [C:\Users\admin\PycharmProjects\Zcy_Vaccine\reports\testReport\report2019-08-29 11_38_38.html]
2019-08-29 11:38:41,332 - framework.driver - INFO - found the chrome driver [<selenium.webdriver.chrome.webdriver.WebDriver (session="9ac71d2f391c73c50d81197865ef4c97")>] successed !
2019-08-29 11:38:42,475 - framework.myunit - INFO - opened the browser successed!
2019-08-29 11:38:44,880 - pageobjects.login_page - INFO - https://login-staging.zcygov.cn/login 打开登录地址成功
2019-08-29 11:38:44,955 - framework.base_page - INFO - 清除文本框内容成功username
2019-08-29 11:38:45,092 - framework.base_page - INFO - 输入的内容：13777466979
2019-08-29 11:38:45,162 - framework.base_page - INFO - 清除文本框内容成功password
2019-08-29 11:38:45,263 - framework.base_page - INFO - 输入的内容：test123456
2019-08-29 11:38:50,074 - framework.base_page - INFO - 点击元素成功//button[@class='ant-btn login-btn password-login ant-btn-primary']
2019-08-29 11:38:50,074 - framework.myunit - INFO - ************************starting run test cases************************
2019-08-29 11:38:51,617 - framework.base_page - INFO - https://cart-staging.zcygov.cn/ 地址正常打开
2019-08-29 11:38:54,980 - framework.base_page - INFO - 点击元素成功//div[@class="float-bar-action-del"]/a[text()="删除"]
2019-08-29 11:39:05,089 - framework.base_page - ERROR - 查找元素超时://*[contains(text(),"确定")]
Traceback (most recent call last):
  File "C:\Users\admin\PycharmProjects\Zcy_Vaccine\framework\base_page.py", line 109, in find_element
    EC.visibility_of(self.driver.find_element_by_xpath(value)))
  File "C:\Users\admin\PycharmProjects\UITest\venv\lib\site-packages\selenium\webdriver\support\wait.py", line 80, in until
    raise TimeoutException(message, screen, stacktrace)
selenium.common.exceptions.TimeoutException: Message: 

2019-08-29 11:39:05,093 - pageobjects.order_page - INFO - 删除商品失败
2019-08-29 11:39:05,391 - framework.base_page - INFO - 截图 [test_33324_fail.png] 成功保存在 [C:\Users\admin\PycharmProjects\Zcy_Vaccine\reports\screenshots\fail]
2019-08-29 11:39:05,407 - framework.myunit - INFO - ************************test case run completed************************
2019-08-29 11:39:06,577 - pageobjects.login_page - INFO - https://login-staging.zcygov.cn/login 打开登录地址成功
2019-08-29 11:39:06,647 - framework.base_page - INFO - 清除文本框内容成功username
2019-08-29 11:39:06,765 - framework.base_page - INFO - 输入的内容：13777466979
2019-08-29 11:39:06,847 - framework.base_page - INFO - 清除文本框内容成功password
2019-08-29 11:39:06,941 - framework.base_page - INFO - 输入的内容：test123456
2019-08-29 11:39:08,676 - framework.base_page - INFO - 点击元素成功//button[@class='ant-btn login-btn password-login ant-btn-primary']
2019-08-29 11:39:08,676 - framework.myunit - INFO - ************************starting run test cases************************
2019-08-29 11:39:09,115 - framework.base_page - INFO - https://cart-staging.zcygov.cn/ 地址正常打开
2019-08-29 11:39:12,374 - framework.base_page - INFO - 点击元素成功//div[@class="float-bar-action-del"]/a[text()="删除"]
2019-08-29 11:39:12,454 - framework.base_page - INFO - 点击元素成功//*[contains(text(),"确定")]
2019-08-29 11:39:15,455 - pageobjects.order_page - INFO - 删除商品成功
2019-08-29 11:39:15,730 - framework.base_page - INFO - 截图 [test_33324_pass.png] 成功保存在 [C:\Users\admin\PycharmProjects\Zcy_Vaccine\reports\screenshots\pass]
2019-08-29 11:39:15,730 - test_33324 - INFO - 清空购物车成功
2019-08-29 11:39:15,746 - framework.myunit - INFO - ************************test case run completed************************
2019-08-29 11:39:17,973 - framework.myunit - INFO - quit the browser success!
