2019-09-16 15:25:27,531 - framework.testreport - INFO - successed to generate test report [C:\Users\admin\PycharmProjects\Zcy_Vaccine\reports\testReport\report2019-09-16 15_25_27.html]
2019-09-16 15:25:30,097 - framework.driver - INFO - found the chrome driver [<selenium.webdriver.chrome.webdriver.WebDriver (session="294e33cec8b4478df1f39168f7ab470d")>] successed !
2019-09-16 15:25:30,098 - framework.myunit - INFO - opened the browser successed!
2019-09-16 15:25:32,340 - pageobjects.login_page - INFO - https://login-staging.zcygov.cn/login 打开登录地址成功
2019-09-16 15:25:32,406 - framework.base_page - INFO - 清除文本框内容成功username
2019-09-16 15:25:32,526 - framework.base_page - INFO - 输入的内容：13777466979
2019-09-16 15:25:32,595 - framework.base_page - INFO - 清除文本框内容成功password
2019-09-16 15:25:32,693 - framework.base_page - INFO - 输入的内容：test123456
2019-09-16 15:25:36,990 - framework.base_page - INFO - 点击元素成功//button[@class='ant-btn login-btn password-login ant-btn-primary']
2019-09-16 15:25:36,990 - framework.myunit - INFO - ************************starting run test cases************************
2019-09-16 15:25:37,978 - framework.base_page - INFO - https://cart-staging.zcygov.cn/ 地址正常打开
2019-09-16 15:25:41,183 - framework.base_page - INFO - 点击元素成功//div[@class="float-bar-action-del"]/a[text()="删除"]
2019-09-16 15:25:47,218 - pageobjects.order_page - INFO - 删除商品失败
2019-09-16 15:25:48,251 - framework.base_page - INFO - https://vaccine-staging.zcygov.cn/items/175600205?searchType=1&type=vaccine&utm=a0004.2ef5001f.0.0.33d8ffd0ca0411e9af8ed36431cbf75c 地址正常打开
2019-09-16 15:25:48,952 - framework.base_page - INFO - 点击元素成功//*[contains(text(),"加入购物车")]
2019-09-16 15:25:50,320 - framework.base_page - INFO - 点击元素成功//*[contains(text(),"查看购物车")]
2019-09-16 15:25:59,482 - framework.myunit - INFO - ************************test case run completed************************
2019-09-16 15:26:02,306 - framework.myunit - INFO - quit the browser success!
2019-09-16 15:26:02,311 - framework.send_email - INFO - 添加附件
2019-09-16 15:26:02,450 - framework.send_email - INFO - 连接成功
2019-09-16 15:26:03,164 - framework.send_email - INFO - 2019-09-16-15_26_03----发送邮件成功
