2019-08-29 13:46:23,561 - framework.testreport - INFO - successed to generate test report [C:\Users\admin\PycharmProjects\Zcy_Vaccine\reports\testReport\report2019-08-29 13_46_23.html]
2019-08-29 13:46:26,023 - framework.driver - INFO - found the chrome driver [<selenium.webdriver.chrome.webdriver.WebDriver (session="608a432f6cded98d7754438b56e27300")>] successed !
2019-08-29 13:46:27,150 - framework.myunit - INFO - opened the browser successed!
2019-08-29 13:46:29,572 - pageobjects.login_page - INFO - https://login-staging.zcygov.cn/login 打开登录地址成功
2019-08-29 13:46:29,637 - framework.base_page - INFO - 清除文本框内容成功username
2019-08-29 13:46:29,749 - framework.base_page - INFO - 输入的内容：13777466979
2019-08-29 13:46:29,815 - framework.base_page - INFO - 清除文本框内容成功password
2019-08-29 13:46:29,906 - framework.base_page - INFO - 输入的内容：test123456
2019-08-29 13:46:33,911 - framework.base_page - INFO - 点击元素成功//button[@class='ant-btn login-btn password-login ant-btn-primary']
2019-08-29 13:46:33,911 - framework.myunit - INFO - ************************starting run test cases************************
2019-08-29 13:46:34,829 - framework.base_page - INFO - https://cart-staging.zcygov.cn/ 地址正常打开
2019-08-29 13:46:38,014 - framework.base_page - INFO - 点击元素成功//div[@class="float-bar-action-del"]/a[text()="删除"]
2019-08-29 13:46:41,087 - pageobjects.order_page - INFO - 删除商品成功
2019-08-29 13:46:42,103 - framework.base_page - INFO - https://vaccine-staging.zcygov.cn/items/175600205?searchType=1&type=vaccine&utm=a0004.2ef5001f.0.0.33d8ffd0ca0411e9af8ed36431cbf75c 地址正常打开
2019-08-29 13:46:47,203 - framework.base_page - INFO - 点击元素成功//*[contains(text(),"加入购物车")]
2019-08-29 13:46:48,558 - framework.base_page - INFO - 点击元素成功//*[contains(text(),"查看购物车")]
2019-08-29 13:46:55,831 - framework.base_page - INFO - 截图 [test_33304_pass.png] 成功保存在 [C:\Users\admin\PycharmProjects\Zcy_Vaccine\reports\screenshots\pass]
2019-08-29 13:46:55,831 - test_33304 - INFO - 加入购物车成功
2019-08-29 13:46:55,847 - framework.myunit - INFO - ************************test case run completed************************
2019-08-29 13:46:58,023 - framework.myunit - INFO - quit the browser success!
