2019-09-16 15:53:56,547 - framework.testreport - INFO - successed to generate test report [C:\Users\admin\PycharmProjects\Zcy_Vaccine\reports\testReport\report2019-09-16 15_53_56.html]
2019-09-16 15:53:59,034 - framework.driver - INFO - found the chrome driver [<selenium.webdriver.chrome.webdriver.WebDriver (session="7bbaba7775f7fe59e0b24f1903af71ee")>] successed !
2019-09-16 15:53:59,034 - framework.myunit - INFO - opened the browser successed!
2019-09-16 15:54:01,106 - pageobjects.login_page - INFO - https://login-staging.zcygov.cn/login 打开登录地址成功
2019-09-16 15:54:01,176 - framework.base_page - INFO - 清除文本框内容成功username
2019-09-16 15:54:01,302 - framework.base_page - INFO - 输入的内容：13777466979
2019-09-16 15:54:01,371 - framework.base_page - INFO - 清除文本框内容成功password
2019-09-16 15:54:01,471 - framework.base_page - INFO - 输入的内容：test123456
2019-09-16 15:54:05,928 - framework.base_page - INFO - 点击元素成功//button[@class='ant-btn login-btn password-login ant-btn-primary']
2019-09-16 15:54:05,928 - framework.myunit - INFO - ************************starting run test cases************************
2019-09-16 15:54:06,983 - framework.base_page - INFO - https://cart-staging.zcygov.cn/ 地址正常打开
2019-09-16 15:54:10,177 - framework.base_page - INFO - 点击元素成功//div[@class="float-bar-action-del"]/a[text()="删除"]
2019-09-16 15:54:16,199 - pageobjects.order_page - INFO - 删除商品失败
2019-09-16 15:54:17,182 - framework.base_page - INFO - https://vaccine-staging.zcygov.cn/items/175600205?searchType=1&type=vaccine&utm=a0004.2ef5001f.0.0.33d8ffd0ca0411e9af8ed36431cbf75c 地址正常打开
2019-09-16 15:54:17,822 - framework.base_page - INFO - 点击元素成功//*[contains(text(),"加入购物车")]
2019-09-16 15:54:18,767 - framework.base_page - INFO - 点击元素成功//*[contains(text(),"查看购物车")]
2019-09-16 15:54:36,285 - framework.base_page - INFO - 点击元素成功select2-selection__placeholder
2019-09-16 15:54:36,368 - framework.base_page - INFO - 点击元素成功//li[text()="席胜军"]
2019-09-16 15:54:36,474 - framework.base_page - INFO - 点击元素成功//button[text()="提交"]
2019-09-16 15:54:37,003 - framework.base_page - INFO - 点击元素成功submit
2019-09-16 15:54:38,452 - framework.base_page - INFO - 点击元素成功//button[@class="btn btn-minor submit close"]
2019-09-16 15:54:41,522 - framework.base_page - INFO - 点击元素成功shrink-png
2019-09-16 15:54:44,618 - framework.myunit - INFO - ************************test case run completed************************
2019-09-16 15:54:48,272 - framework.myunit - INFO - quit the browser success!
