2019-09-16 16:27:11,151 - framework.testreport - INFO - successed to generate test report [C:\Users\admin\PycharmProjects\Zcy_Vaccine\reports\testReport\report2019-09-16 16_27_11.html]
2019-09-16 16:27:13,706 - framework.driver - INFO - found the chrome driver [<selenium.webdriver.chrome.webdriver.WebDriver (session="7b6aae3cfa96596ae75402472b4a4d27")>] successed !
2019-09-16 16:27:13,706 - framework.myunit - INFO - opened the browser successed!
2019-09-16 16:27:15,814 - pageobjects.login_page - INFO - https://login-staging.zcygov.cn/login 打开登录地址成功
2019-09-16 16:27:15,888 - framework.base_page - INFO - 清除文本框内容成功username
2019-09-16 16:27:16,002 - framework.base_page - INFO - 输入的内容：13777466979
2019-09-16 16:27:16,073 - framework.base_page - INFO - 清除文本框内容成功password
2019-09-16 16:27:16,184 - framework.base_page - INFO - 输入的内容：test123456
2019-09-16 16:27:20,353 - framework.base_page - INFO - 点击元素成功//button[@class='ant-btn login-btn password-login ant-btn-primary']
2019-09-16 16:27:20,353 - framework.myunit - INFO - ************************starting run test cases************************
2019-09-16 16:27:21,264 - framework.base_page - INFO - https://cart-staging.zcygov.cn/ 地址正常打开
2019-09-16 16:27:24,457 - framework.base_page - INFO - 点击元素成功//div[@class="float-bar-action-del"]/a[text()="删除"]
2019-09-16 16:27:30,494 - pageobjects.order_page - INFO - 删除商品失败
2019-09-16 16:27:31,632 - framework.base_page - INFO - https://vaccine-staging.zcygov.cn/items/175600205?searchType=1&type=vaccine&utm=a0004.2ef5001f.0.0.33d8ffd0ca0411e9af8ed36431cbf75c 地址正常打开
2019-09-16 16:27:34,153 - framework.base_page - INFO - 点击元素成功//*[contains(text(),"加入购物车")]
2019-09-16 16:27:35,524 - framework.base_page - INFO - 点击元素成功//*[contains(text(),"查看购物车")]
2019-09-16 16:27:52,875 - framework.base_page - INFO - 点击元素成功select2-selection__placeholder
2019-09-16 16:27:52,967 - framework.base_page - INFO - 点击元素成功//li[text()="席胜军"]
2019-09-16 16:27:53,067 - framework.base_page - INFO - 点击元素成功//button[text()="提交"]
2019-09-16 16:27:53,515 - framework.base_page - INFO - 点击元素成功submit
2019-09-16 16:27:54,975 - framework.base_page - INFO - 点击元素成功//button[@class="btn btn-minor submit close"]
2019-09-16 16:27:58,044 - framework.base_page - INFO - 点击元素成功shrink-png
2019-09-16 16:28:02,594 - framework.base_page - INFO - 点击元素成功div.pur-list-body > table > tbody > tr:nth-child(1) > td:nth-child(7) > a:nth-child(1)
2019-09-16 16:28:02,737 - framework.base_page - INFO - 点击元素成功//button[text()="提交审核意见"]
2019-09-16 16:28:02,829 - framework.base_page - INFO - 点击元素成功submit
2019-09-16 16:28:04,169 - framework.base_page - INFO - 点击元素成功//button[@class="btn btn-minor submit close"]
2019-09-16 16:28:05,437 - framework.base_page - INFO - 点击元素成功div.pur-list-body > table > tbody > tr:nth-child(1) > td:nth-child(7) > a:nth-child(1)
2019-09-16 16:28:05,587 - framework.base_page - INFO - 点击元素成功//button[text()="提交审核意见"]
2019-09-16 16:28:05,677 - framework.base_page - INFO - 点击元素成功submit
2019-09-16 16:28:06,865 - framework.base_page - INFO - 点击元素成功//button[@class="btn btn-minor submit close"]
2019-09-16 16:28:07,002 - framework.base_page - INFO - 获取元素内容: 单位审核
2019-09-16 16:28:07,285 - framework.base_page - INFO - 截图 [test_33308_pass.png] 成功保存在 [C:\Users\admin\PycharmProjects\Zcy_Vaccine\reports\screenshots\pass]
2019-09-16 16:28:07,286 - test_33308 - INFO - 运行成功：财务审核成功
2019-09-16 16:28:07,304 - framework.myunit - INFO - ************************test case run completed************************
2019-09-16 16:28:09,557 - framework.myunit - INFO - quit the browser success!
