2019-08-29 14:21:45,099 - framework.testreport - INFO - successed to generate test report [C:\Users\admin\PycharmProjects\Zcy_Vaccine\reports\testReport\report2019-08-29 14_21_45.html]
2019-08-29 14:21:47,563 - framework.driver - INFO - found the chrome driver [<selenium.webdriver.chrome.webdriver.WebDriver (session="442fabb4ee904c4adf22bc82c1d71efe")>] successed !
2019-08-29 14:21:48,682 - framework.myunit - INFO - opened the browser successed!
2019-08-29 14:21:51,197 - pageobjects.login_page - INFO - https://login-staging.zcygov.cn/login 打开登录地址成功
2019-08-29 14:21:51,263 - framework.base_page - INFO - 清除文本框内容成功username
2019-08-29 14:21:51,372 - framework.base_page - INFO - 输入的内容：13777466979
2019-08-29 14:21:51,436 - framework.base_page - INFO - 清除文本框内容成功password
2019-08-29 14:21:51,536 - framework.base_page - INFO - 输入的内容：test123456
2019-08-29 14:21:56,114 - framework.base_page - INFO - 点击元素成功//button[@class='ant-btn login-btn password-login ant-btn-primary']
2019-08-29 14:21:56,114 - framework.myunit - INFO - ************************starting run test cases************************
2019-08-29 14:21:57,483 - framework.base_page - INFO - https://cart-staging.zcygov.cn/ 地址正常打开
2019-08-29 14:22:00,669 - framework.base_page - INFO - 点击元素成功//div[@class="float-bar-action-del"]/a[text()="删除"]
2019-08-29 14:22:06,722 - pageobjects.order_page - INFO - 删除商品失败
2019-08-29 14:22:09,101 - framework.base_page - INFO - https://vaccine-staging.zcygov.cn/items/175600205?searchType=1&type=vaccine&utm=a0004.2ef5001f.0.0.33d8ffd0ca0411e9af8ed36431cbf75c 地址正常打开
2019-08-29 14:22:12,205 - framework.base_page - INFO - 点击元素成功//*[contains(text(),"加入购物车")]
2019-08-29 14:22:13,757 - framework.base_page - INFO - 点击元素成功//*[contains(text(),"查看购物车")]
2019-08-29 14:22:24,219 - framework.base_page - INFO - 截图 [test_33305_fail.png] 成功保存在 [C:\Users\admin\PycharmProjects\Zcy_Vaccine\reports\screenshots\fail]
2019-08-29 14:22:24,242 - framework.myunit - INFO - ************************test case run completed************************
2019-08-29 14:22:26,123 - pageobjects.login_page - INFO - https://login-staging.zcygov.cn/login 打开登录地址成功
2019-08-29 14:22:26,179 - framework.base_page - INFO - 清除文本框内容成功username
2019-08-29 14:22:26,288 - framework.base_page - INFO - 输入的内容：13777466979
2019-08-29 14:22:26,347 - framework.base_page - INFO - 清除文本框内容成功password
2019-08-29 14:22:26,439 - framework.base_page - INFO - 输入的内容：test123456
2019-08-29 14:22:29,256 - framework.base_page - INFO - 点击元素成功//button[@class='ant-btn login-btn password-login ant-btn-primary']
2019-08-29 14:22:29,256 - framework.myunit - INFO - ************************starting run test cases************************
2019-08-29 14:22:30,034 - framework.base_page - INFO - https://cart-staging.zcygov.cn/ 地址正常打开
2019-08-29 14:22:33,214 - framework.base_page - INFO - 点击元素成功//div[@class="float-bar-action-del"]/a[text()="删除"]
2019-08-29 14:22:39,242 - pageobjects.order_page - INFO - 删除商品失败
2019-08-29 14:22:40,436 - framework.base_page - INFO - https://vaccine-staging.zcygov.cn/items/175600205?searchType=1&type=vaccine&utm=a0004.2ef5001f.0.0.33d8ffd0ca0411e9af8ed36431cbf75c 地址正常打开
2019-08-29 14:22:43,536 - framework.base_page - INFO - 点击元素成功//*[contains(text(),"加入购物车")]
2019-08-29 14:22:45,328 - framework.base_page - INFO - 点击元素成功//*[contains(text(),"查看购物车")]
2019-08-29 14:22:55,747 - framework.base_page - INFO - 截图 [test_33305_fail.png] 成功保存在 [C:\Users\admin\PycharmProjects\Zcy_Vaccine\reports\screenshots\fail]
2019-08-29 14:22:55,761 - framework.myunit - INFO - ************************test case run completed************************
2019-08-29 14:22:59,025 - framework.myunit - INFO - quit the browser success!
