2019-08-29 14:19:38,729 - framework.testreport - INFO - successed to generate test report [C:\Users\admin\PycharmProjects\Zcy_Vaccine\reports\testReport\report2019-08-29 14_19_38.html]
2019-08-29 14:19:41,211 - framework.driver - INFO - found the chrome driver [<selenium.webdriver.chrome.webdriver.WebDriver (session="718454c3bde7bd511127928637a6077f")>] successed !
2019-08-29 14:19:42,333 - framework.myunit - INFO - opened the browser successed!
2019-08-29 14:19:46,156 - pageobjects.login_page - INFO - https://login-staging.zcygov.cn/login 打开登录地址成功
2019-08-29 14:19:46,216 - framework.base_page - INFO - 清除文本框内容成功username
2019-08-29 14:19:46,324 - framework.base_page - INFO - 输入的内容：13777466979
2019-08-29 14:19:46,393 - framework.base_page - INFO - 清除文本框内容成功password
2019-08-29 14:19:46,486 - framework.base_page - INFO - 输入的内容：test123456
2019-08-29 14:19:51,472 - framework.base_page - INFO - 点击元素成功//button[@class='ant-btn login-btn password-login ant-btn-primary']
2019-08-29 14:19:51,472 - framework.myunit - INFO - ************************starting run test cases************************
2019-08-29 14:19:52,793 - framework.base_page - INFO - https://cart-staging.zcygov.cn/ 地址正常打开
2019-08-29 14:19:55,965 - framework.base_page - INFO - 点击元素成功//div[@class="float-bar-action-del"]/a[text()="删除"]
2019-08-29 14:19:59,038 - pageobjects.order_page - INFO - 删除商品成功
2019-08-29 14:19:59,957 - framework.base_page - INFO - https://vaccine-staging.zcygov.cn/items/175600205?searchType=1&type=vaccine&utm=a0004.2ef5001f.0.0.33d8ffd0ca0411e9af8ed36431cbf75c 地址正常打开
2019-08-29 14:20:05,069 - framework.base_page - INFO - 点击元素成功//*[contains(text(),"加入购物车")]
2019-08-29 14:20:06,624 - framework.base_page - INFO - 点击元素成功//*[contains(text(),"查看购物车")]
2019-08-29 14:20:17,072 - framework.base_page - INFO - 截图 [test_33305_fail.png] 成功保存在 [C:\Users\admin\PycharmProjects\Zcy_Vaccine\reports\screenshots\fail]
2019-08-29 14:20:17,091 - framework.myunit - INFO - ************************test case run completed************************
2019-08-29 14:20:18,268 - pageobjects.login_page - INFO - https://login-staging.zcygov.cn/login 打开登录地址成功
2019-08-29 14:20:18,329 - framework.base_page - INFO - 清除文本框内容成功username
2019-08-29 14:20:18,431 - framework.base_page - INFO - 输入的内容：13777466979
2019-08-29 14:20:18,501 - framework.base_page - INFO - 清除文本框内容成功password
2019-08-29 14:20:18,600 - framework.base_page - INFO - 输入的内容：test123456
2019-08-29 14:20:20,463 - framework.base_page - INFO - 点击元素成功//button[@class='ant-btn login-btn password-login ant-btn-primary']
2019-08-29 14:20:20,463 - framework.myunit - INFO - ************************starting run test cases************************
2019-08-29 14:20:20,855 - framework.base_page - INFO - https://cart-staging.zcygov.cn/ 地址正常打开
2019-08-29 14:20:24,022 - framework.base_page - INFO - 点击元素成功//div[@class="float-bar-action-del"]/a[text()="删除"]
2019-08-29 14:20:30,054 - pageobjects.order_page - INFO - 删除商品失败
2019-08-29 14:20:30,746 - framework.base_page - INFO - https://vaccine-staging.zcygov.cn/items/175600205?searchType=1&type=vaccine&utm=a0004.2ef5001f.0.0.33d8ffd0ca0411e9af8ed36431cbf75c 地址正常打开
2019-08-29 14:20:35,851 - framework.base_page - INFO - 点击元素成功//*[contains(text(),"加入购物车")]
2019-08-29 14:20:37,916 - framework.base_page - INFO - 点击元素成功//*[contains(text(),"查看购物车")]
2019-08-29 14:20:48,330 - framework.base_page - INFO - 截图 [test_33305_fail.png] 成功保存在 [C:\Users\admin\PycharmProjects\Zcy_Vaccine\reports\screenshots\fail]
2019-08-29 14:20:48,344 - framework.myunit - INFO - ************************test case run completed************************
2019-08-29 14:20:51,317 - framework.myunit - INFO - quit the browser success!
