2019-09-04 15:54:12,429 - framework.testreport - INFO - successed to generate test report [C:\Users\admin\PycharmProjects\Zcy_Vaccine\reports\testReport\report2019-09-04 15_54_12.html]
2019-09-04 15:54:15,157 - framework.driver - INFO - found the chrome driver [<selenium.webdriver.chrome.webdriver.WebDriver (session="a530e4ea5838b0b73dd193e0dd4e79f6")>] successed !
2019-09-04 15:54:16,282 - framework.myunit - INFO - opened the browser successed!
2019-09-04 15:54:18,537 - pageobjects.login_page - INFO - https://login-staging.zcygov.cn/login 打开登录地址成功
2019-09-04 15:54:18,762 - framework.base_page - INFO - 清除文本框内容成功username
2019-09-04 15:54:18,981 - framework.base_page - INFO - 输入的内容：13777466979
2019-09-04 15:54:19,039 - framework.base_page - INFO - 清除文本框内容成功password
2019-09-04 15:54:19,130 - framework.base_page - INFO - 输入的内容：test123456
2019-09-04 15:54:23,163 - framework.base_page - INFO - 点击元素成功//button[@class='ant-btn login-btn password-login ant-btn-primary']
2019-09-04 15:54:23,163 - framework.myunit - INFO - ************************starting run test cases************************
2019-09-04 15:54:24,134 - framework.base_page - INFO - https://cart-staging.zcygov.cn/ 地址正常打开
2019-09-04 15:54:27,353 - framework.base_page - INFO - 点击元素成功//div[@class="float-bar-action-del"]/a[text()="删除"]
2019-09-04 15:54:33,377 - pageobjects.order_page - INFO - 删除商品失败
2019-09-04 15:54:34,043 - framework.base_page - INFO - https://vaccine-staging.zcygov.cn/items/175600205?searchType=1&type=vaccine&utm=a0004.2ef5001f.0.0.33d8ffd0ca0411e9af8ed36431cbf75c 地址正常打开
2019-09-04 15:54:37,434 - framework.base_page - INFO - 点击元素成功//*[contains(text(),"加入购物车")]
2019-09-04 15:54:39,298 - framework.base_page - INFO - 点击元素成功//*[contains(text(),"查看购物车")]
2019-09-04 15:54:58,537 - framework.base_page - INFO - 点击元素成功select2-selection__placeholder
2019-09-04 15:54:58,616 - framework.base_page - INFO - 点击元素成功//li[text()="席胜军"]
2019-09-04 15:54:58,722 - framework.base_page - INFO - 点击元素成功//button[text()="提交"]
2019-09-04 15:54:59,249 - framework.base_page - INFO - 点击元素成功submit
2019-09-04 15:55:01,893 - framework.base_page - INFO - 点击元素成功//button[@class="btn btn-minor submit close"]
2019-09-04 15:55:01,936 - framework.base_page - INFO - 获取元素内容: 部门审核
2019-09-04 15:55:02,273 - framework.base_page - INFO - 截图 [test_33306_pass.png] 成功保存在 [C:\Users\admin\PycharmProjects\Zcy_Vaccine\reports\screenshots\pass]
2019-09-04 15:55:02,285 - framework.myunit - INFO - ************************test case run completed************************
2019-09-04 15:55:04,535 - framework.myunit - INFO - quit the browser success!
2019-09-04 15:55:04,539 - framework.send_email - INFO - 添加附件
2019-09-04 15:55:04,618 - framework.send_email - INFO - 连接成功
2019-09-04 15:55:05,130 - framework.send_email - INFO - 2019-09-04-15_55_05----发送邮件成功
