2019-08-29 16:09:16,613 - framework.testreport - INFO - successed to generate test report [C:\Users\admin\PycharmProjects\Zcy_Vaccine\reports\testReport\report2019-08-29 16_09_16.html]
2019-08-29 16:09:19,321 - framework.driver - INFO - found the chrome driver [<selenium.webdriver.chrome.webdriver.WebDriver (session="50736114811958dfa38cad6602ab543b")>] successed !
2019-08-29 16:09:20,446 - framework.myunit - INFO - opened the browser successed!
2019-08-29 16:09:25,049 - pageobjects.login_page - INFO - https://login-staging.zcygov.cn/login 打开登录地址成功
2019-08-29 16:09:25,111 - framework.base_page - INFO - 清除文本框内容成功username
2019-08-29 16:09:25,213 - framework.base_page - INFO - 输入的内容：13777466979
2019-08-29 16:09:25,269 - framework.base_page - INFO - 清除文本框内容成功password
2019-08-29 16:09:25,375 - framework.base_page - INFO - 输入的内容：test123456
2019-08-29 16:09:32,770 - framework.base_page - INFO - 点击元素成功//button[@class='ant-btn login-btn password-login ant-btn-primary']
2019-08-29 16:09:32,770 - framework.myunit - INFO - ************************starting run test cases************************
2019-08-29 16:09:36,960 - framework.base_page - INFO - https://cart-staging.zcygov.cn/ 地址正常打开
2019-08-29 16:09:40,144 - framework.base_page - INFO - 点击元素成功//div[@class="float-bar-action-del"]/a[text()="删除"]
2019-08-29 16:09:43,216 - pageobjects.order_page - INFO - 删除商品成功
2019-08-29 16:09:48,655 - framework.base_page - INFO - https://vaccine-staging.zcygov.cn/items/175600205?searchType=1&type=vaccine&utm=a0004.2ef5001f.0.0.33d8ffd0ca0411e9af8ed36431cbf75c 地址正常打开
2019-08-29 16:09:51,778 - framework.base_page - INFO - 点击元素成功//*[contains(text(),"加入购物车")]
2019-08-29 16:09:55,198 - framework.base_page - INFO - 点击元素成功//*[contains(text(),"查看购物车")]
2019-08-29 16:10:18,315 - pageobjects.order_page - ERROR - 未找到预购单按钮
Traceback (most recent call last):
  File "C:\Users\admin\PycharmProjects\Zcy_Vaccine\pageobjects\order_page.py", line 82, in add_initateorder
    self.driver.find_element_by_xpath('//div[@class="cart-order-btn"]/*[contains(text(),"生成预购单")]').click()
  File "C:\Users\admin\PycharmProjects\UITest\venv\lib\site-packages\selenium\webdriver\remote\webdriver.py", line 394, in find_element_by_xpath
    return self.find_element(by=By.XPATH, value=xpath)
  File "C:\Users\admin\PycharmProjects\UITest\venv\lib\site-packages\selenium\webdriver\remote\webdriver.py", line 978, in find_element
    'value': value})['value']
  File "C:\Users\admin\PycharmProjects\UITest\venv\lib\site-packages\selenium\webdriver\remote\webdriver.py", line 321, in execute
    self.error_handler.check_response(response)
  File "C:\Users\admin\PycharmProjects\UITest\venv\lib\site-packages\selenium\webdriver\remote\errorhandler.py", line 242, in check_response
    raise exception_class(message, screen, stacktrace)
selenium.common.exceptions.NoSuchElementException: Message: no such element: Unable to locate element: {"method":"xpath","selector":"//div[@class="cart-order-btn"]/*[contains(text(),"生成预购单")]"}
  (Session info: chrome=73.0.3683.103)
  (Driver info: chromedriver=2.40.565498 (ea082db3280dd6843ebfb08a625e3eb905c4f5ab),platform=Windows NT 10.0.17134 x86_64)

2019-08-29 16:10:21,343 - framework.base_page - INFO - 获取当前url https://cart-staging.zcygov.cn/
2019-08-29 16:10:21,347 - test_33305 - INFO - https://cart-staging.zcygov.cn/
2019-08-29 16:10:21,612 - framework.base_page - INFO - 截图 [test_33305_fail.png] 成功保存在 [C:\Users\admin\PycharmProjects\Zcy_Vaccine\reports\screenshots\fail]
2019-08-29 16:10:21,630 - framework.myunit - INFO - ************************test case run completed************************
2019-08-29 16:10:25,959 - pageobjects.login_page - INFO - https://login-staging.zcygov.cn/login 打开登录地址成功
2019-08-29 16:10:26,021 - framework.base_page - INFO - 清除文本框内容成功username
2019-08-29 16:10:26,123 - framework.base_page - INFO - 输入的内容：13777466979
2019-08-29 16:10:26,186 - framework.base_page - INFO - 清除文本框内容成功password
2019-08-29 16:10:26,285 - framework.base_page - INFO - 输入的内容：test123456
2019-08-29 16:10:28,974 - framework.base_page - INFO - 点击元素成功//button[@class='ant-btn login-btn password-login ant-btn-primary']
2019-08-29 16:10:28,974 - framework.myunit - INFO - ************************starting run test cases************************
2019-08-29 16:10:29,635 - framework.base_page - INFO - https://cart-staging.zcygov.cn/ 地址正常打开
