2019-08-30 17:21:43,418 - framework.testreport - INFO - successed to generate test report [C:\Users\admin\PycharmProjects\Zcy_Vaccine\reports\testReport\report2019-08-30 17_21_43.html]
2019-08-30 17:21:46,177 - framework.driver - INFO - found the chrome driver [<selenium.webdriver.chrome.webdriver.WebDriver (session="5028b0c4c7229fbdc457d283e87ca9fb")>] successed !
2019-08-30 17:21:47,320 - framework.myunit - INFO - opened the browser successed!
2019-08-30 17:21:49,579 - pageobjects.login_page - INFO - https://login-staging.zcygov.cn/login 打开登录地址成功
2019-08-30 17:21:49,654 - framework.base_page - INFO - 清除文本框内容成功username
2019-08-30 17:21:49,824 - framework.base_page - INFO - 输入的内容：13777466979
2019-08-30 17:21:49,901 - framework.base_page - INFO - 清除文本框内容成功password
2019-08-30 17:21:50,003 - framework.base_page - INFO - 输入的内容：test123456
2019-08-30 17:21:54,492 - framework.base_page - INFO - 点击元素成功//button[@class='ant-btn login-btn password-login ant-btn-primary']
2019-08-30 17:21:54,492 - framework.myunit - INFO - ************************starting run test cases************************
2019-08-30 17:22:01,280 - framework.base_page - INFO - https://staging.zcygov.cn/buyer/vaccine-orders 地址正常打开
2019-08-30 17:22:01,384 - framework.base_page - INFO - 点击元素成功div.order-form-list-body > table > tbody > tr:nth-child(1) > td:nth-child(8)> a:nth-child(1)
2019-08-30 17:22:01,456 - framework.base_page - INFO - 清除文本框内容成功js-cancel-reason
2019-08-30 17:22:01,533 - framework.base_page - INFO - 输入的内容：测试环境取消订单
2019-08-30 17:22:01,616 - framework.base_page - INFO - 点击元素成功//button[text()="确定"]
2019-08-30 17:22:01,657 - framework.base_page - INFO - 获取元素内容: 待供应商接单
2019-08-30 17:22:01,674 - framework.myunit - INFO - ************************test case run completed************************
2019-08-30 17:22:04,071 - pageobjects.login_page - INFO - https://login-staging.zcygov.cn/login 打开登录地址成功
2019-08-30 17:22:04,141 - framework.base_page - INFO - 清除文本框内容成功username
2019-08-30 17:22:04,277 - framework.base_page - INFO - 输入的内容：13777466979
2019-08-30 17:22:04,343 - framework.base_page - INFO - 清除文本框内容成功password
2019-08-30 17:22:04,445 - framework.base_page - INFO - 输入的内容：test123456
2019-08-30 17:22:05,909 - framework.base_page - INFO - 点击元素成功//button[@class='ant-btn login-btn password-login ant-btn-primary']
2019-08-30 17:22:05,909 - framework.myunit - INFO - ************************starting run test cases************************
2019-08-30 17:22:07,456 - framework.base_page - INFO - https://staging.zcygov.cn/buyer/vaccine-orders 地址正常打开
