2019-09-20 11:36:47,326 - framework.testreport - INFO - successed to generate test report [C:\Users\admin\PycharmProjects\Zcy_Vaccine\reports\testReport\report2019-09-20 11_36_47.html]
2019-09-20 11:36:52,664 - framework.driver - INFO - found the chrome driver [<selenium.webdriver.chrome.webdriver.WebDriver (session="3c09661e25676ea754e5b491a17f6572")>] successed !
2019-09-20 11:36:53,771 - framework.myunit - INFO - opened the browser successed!
2019-09-20 11:36:55,925 - pageobjects.login_page - INFO - https://login-staging.zcygov.cn/login 打开登录地址成功
2019-09-20 11:36:55,986 - framework.base_page - INFO - 清除文本框内容成功username
2019-09-20 11:36:56,099 - framework.base_page - INFO - 输入的内容：13777466979
2019-09-20 11:36:56,165 - framework.base_page - INFO - 清除文本框内容成功password
2019-09-20 11:36:56,259 - framework.base_page - INFO - 输入的内容：test123456
2019-09-20 11:37:00,189 - framework.base_page - INFO - 点击元素成功//button[@class='ant-btn login-btn password-login ant-btn-primary']
2019-09-20 11:37:00,189 - framework.myunit - INFO - ************************starting run test cases************************
2019-09-20 11:37:01,159 - framework.base_page - INFO - https://cart-staging.zcygov.cn/ 地址正常打开
2019-09-20 11:37:04,338 - framework.base_page - INFO - 点击元素成功//div[@class="float-bar-action-del"]/a[text()="删除"]
2019-09-20 11:37:07,407 - pageobjects.order_page - INFO - 删除商品成功
2019-09-20 11:37:08,394 - framework.base_page - INFO - https://vaccine-staging.zcygov.cn/items/175600205?searchType=1&type=vaccine&utm=a0004.2ef5001f.0.0.33d8ffd0ca0411e9af8ed36431cbf75c 地址正常打开
2019-09-20 11:37:09,072 - framework.base_page - INFO - 点击元素成功//*[contains(text(),"加入购物车")]
2019-09-20 11:37:16,337 - framework.base_page - INFO - 点击元素成功//*[contains(text(),"查看购物车")]
2019-09-20 11:37:37,416 - framework.base_page - INFO - 点击元素成功select2-selection__placeholder
2019-09-20 11:37:37,499 - framework.base_page - INFO - 点击元素成功//li[text()="席胜军"]
2019-09-20 11:37:37,598 - framework.base_page - INFO - 点击元素成功//button[text()="提交"]
2019-09-20 11:37:38,097 - framework.base_page - INFO - 点击元素成功submit
2019-09-20 11:37:39,713 - framework.base_page - INFO - 点击元素成功//button[@class="btn btn-minor submit close"]
2019-09-20 11:37:39,761 - framework.base_page - INFO - 获取元素内容: 部门审核
2019-09-20 11:37:39,986 - framework.base_page - INFO - 截图 [test_33306_pass.png] 成功保存在 [C:\Users\admin\PycharmProjects\Zcy_Vaccine\reports\screenshots\pass]
2019-09-20 11:37:39,986 - test_33306 - INFO - 运行成功：预购单提交成功
2019-09-20 11:37:39,996 - framework.myunit - INFO - ************************test case run completed************************
2019-09-20 11:37:43,027 - framework.myunit - INFO - quit the browser success!
