2019-09-16 14:08:11,192 - framework.testreport - INFO - successed to generate test report [C:\Users\admin\PycharmProjects\Zcy_Vaccine\reports\testReport\report2019-09-16 14_08_11.html]
2019-09-16 14:08:13,703 - framework.driver - INFO - found the chrome driver [<selenium.webdriver.chrome.webdriver.WebDriver (session="3ee3f09db3433de3f6ccd10ea37e8dc1")>] successed !
2019-09-16 14:08:13,703 - framework.myunit - INFO - opened the browser successed!
2019-09-16 14:08:15,750 - pageobjects.login_page - INFO - https://login-staging.zcygov.cn/login 打开登录地址成功
2019-09-16 14:08:15,834 - framework.base_page - INFO - 清除文本框内容成功username
2019-09-16 14:08:15,960 - framework.base_page - INFO - 输入的内容：13777466979
2019-09-16 14:08:16,020 - framework.base_page - INFO - 清除文本框内容成功password
2019-09-16 14:08:16,118 - framework.base_page - INFO - 输入的内容：test123456
2019-09-16 14:08:21,169 - framework.base_page - INFO - 点击元素成功//button[@class='ant-btn login-btn password-login ant-btn-primary']
2019-09-16 14:08:21,169 - framework.myunit - INFO - ************************starting run test cases************************
2019-09-16 14:08:22,156 - framework.base_page - INFO - https://cart-staging.zcygov.cn/ 地址正常打开
2019-09-16 14:08:25,375 - framework.base_page - INFO - 点击元素成功//div[@class="float-bar-action-del"]/a[text()="删除"]
2019-09-16 14:08:31,386 - pageobjects.order_page - INFO - 删除商品失败
2019-09-16 14:08:32,346 - framework.base_page - INFO - https://vaccine-staging.zcygov.cn/items/175600205?searchType=1&type=vaccine&utm=a0004.2ef5001f.0.0.33d8ffd0ca0411e9af8ed36431cbf75c 地址正常打开
2019-09-16 14:08:33,109 - framework.base_page - INFO - 点击元素成功//*[contains(text(),"加入购物车")]
2019-09-16 14:08:34,480 - framework.base_page - INFO - 点击元素成功//*[contains(text(),"查看购物车")]
2019-09-16 14:08:51,347 - framework.base_page - INFO - 点击元素成功select2-selection__placeholder
2019-09-16 14:09:01,403 - framework.base_page - ERROR - 查找元素超时://li[text()="席胜军"]
Traceback (most recent call last):
  File "C:\Users\admin\PycharmProjects\Zcy_Vaccine\framework\base_page.py", line 109, in find_element
    EC.visibility_of(self.driver.find_element_by_xpath(value)))
  File "C:\Users\admin\PycharmProjects\UITest\venv\lib\site-packages\selenium\webdriver\remote\webdriver.py", line 394, in find_element_by_xpath
    return self.find_element(by=By.XPATH, value=xpath)
  File "C:\Users\admin\PycharmProjects\UITest\venv\lib\site-packages\selenium\webdriver\remote\webdriver.py", line 978, in find_element
    'value': value})['value']
  File "C:\Users\admin\PycharmProjects\UITest\venv\lib\site-packages\selenium\webdriver\remote\webdriver.py", line 321, in execute
    self.error_handler.check_response(response)
  File "C:\Users\admin\PycharmProjects\UITest\venv\lib\site-packages\selenium\webdriver\remote\errorhandler.py", line 242, in check_response
    raise exception_class(message, screen, stacktrace)
selenium.common.exceptions.NoSuchElementException: Message: no such element: Unable to locate element: {"method":"xpath","selector":"//li[text()="席胜军"]"}
  (Session info: chrome=77.0.3865.75)

2019-09-16 14:09:01,418 - framework.myunit - INFO - ************************test case run completed************************
2019-09-16 14:09:05,601 - framework.myunit - INFO - quit the browser success!
2019-09-16 14:09:07,995 - framework.driver - INFO - found the chrome driver [<selenium.webdriver.chrome.webdriver.WebDriver (session="e2fd9220194a65c67f78da3197c7f5ae")>] successed !
2019-09-16 14:09:07,995 - framework.myunit - INFO - opened the browser successed!
2019-09-16 14:09:10,390 - pageobjects.login_page - INFO - https://login-staging.zcygov.cn/login 打开登录地址成功
2019-09-16 14:09:10,459 - framework.base_page - INFO - 清除文本框内容成功username
2019-09-16 14:09:10,580 - framework.base_page - INFO - 输入的内容：13777466979
2019-09-16 14:09:10,650 - framework.base_page - INFO - 清除文本框内容成功password
2019-09-16 14:09:10,753 - framework.base_page - INFO - 输入的内容：test123456
2019-09-16 14:09:14,777 - framework.base_page - INFO - 点击元素成功//button[@class='ant-btn login-btn password-login ant-btn-primary']
2019-09-16 14:09:14,777 - framework.myunit - INFO - ************************starting run test cases************************
2019-09-16 14:09:15,764 - framework.base_page - INFO - https://cart-staging.zcygov.cn/ 地址正常打开
2019-09-16 14:09:18,963 - framework.base_page - INFO - 点击元素成功//div[@class="float-bar-action-del"]/a[text()="删除"]
2019-09-16 14:09:25,011 - pageobjects.order_page - INFO - 删除商品失败
2019-09-16 14:09:26,040 - framework.base_page - INFO - https://vaccine-staging.zcygov.cn/items/175600205?searchType=1&type=vaccine&utm=a0004.2ef5001f.0.0.33d8ffd0ca0411e9af8ed36431cbf75c 地址正常打开
2019-09-16 14:09:26,595 - framework.base_page - INFO - 点击元素成功//*[contains(text(),"加入购物车")]
2019-09-16 14:09:27,435 - framework.base_page - INFO - 点击元素成功//*[contains(text(),"查看购物车")]
2019-09-16 14:09:44,600 - framework.base_page - INFO - 点击元素成功select2-selection__placeholder
2019-09-16 14:09:44,681 - framework.base_page - INFO - 点击元素成功//li[text()="席胜军"]
2019-09-16 14:09:44,794 - framework.base_page - INFO - 点击元素成功//button[text()="提交"]
2019-09-16 14:09:45,219 - framework.base_page - INFO - 点击元素成功submit
2019-09-16 14:09:46,909 - framework.base_page - INFO - 点击元素成功//button[@class="btn btn-minor submit close"]
2019-09-16 14:09:47,019 - framework.base_page - INFO - 点击元素成功shrink-png
2019-09-16 14:09:47,116 - framework.myunit - INFO - ************************test case run completed************************
2019-09-16 14:09:50,585 - framework.myunit - INFO - quit the browser success!
2019-09-16 14:09:50,597 - framework.send_email - INFO - 添加附件
2019-09-16 14:09:50,755 - framework.send_email - INFO - 连接成功
2019-09-16 14:09:52,509 - framework.send_email - INFO - 2019-09-16-14_09_52----发送邮件成功
