2019-09-16 16:01:32,183 - framework.testreport - INFO - successed to generate test report [C:\Users\admin\PycharmProjects\Zcy_Vaccine\reports\testReport\report2019-09-16 16_01_32.html]
2019-09-16 16:01:34,671 - framework.driver - INFO - found the chrome driver [<selenium.webdriver.chrome.webdriver.WebDriver (session="638ed0ad2e5b63f386f1187a5c2e233e")>] successed !
2019-09-16 16:01:34,671 - framework.myunit - INFO - opened the browser successed!
2019-09-16 16:01:38,514 - pageobjects.login_page - INFO - https://login-staging.zcygov.cn/login 打开登录地址成功
2019-09-16 16:01:38,605 - framework.base_page - INFO - 清除文本框内容成功username
2019-09-16 16:01:38,737 - framework.base_page - INFO - 输入的内容：13777466979
2019-09-16 16:01:38,810 - framework.base_page - INFO - 清除文本框内容成功password
2019-09-16 16:01:38,913 - framework.base_page - INFO - 输入的内容：test123456
2019-09-16 16:01:43,057 - framework.base_page - INFO - 点击元素成功//button[@class='ant-btn login-btn password-login ant-btn-primary']
2019-09-16 16:01:43,058 - framework.myunit - INFO - ************************starting run test cases************************
2019-09-16 16:01:44,017 - framework.base_page - INFO - https://cart-staging.zcygov.cn/ 地址正常打开
2019-09-16 16:01:47,235 - framework.base_page - INFO - 点击元素成功//div[@class="float-bar-action-del"]/a[text()="删除"]
2019-09-16 16:01:53,256 - pageobjects.order_page - INFO - 删除商品失败
2019-09-16 16:01:55,135 - framework.base_page - INFO - https://vaccine-staging.zcygov.cn/items/175600205?searchType=1&type=vaccine&utm=a0004.2ef5001f.0.0.33d8ffd0ca0411e9af8ed36431cbf75c 地址正常打开
2019-09-16 16:01:55,247 - framework.base_page - INFO - 点击元素成功//*[contains(text(),"加入购物车")]
2019-09-16 16:01:56,128 - framework.base_page - INFO - 点击元素成功//*[contains(text(),"查看购物车")]
2019-09-16 16:02:13,332 - framework.base_page - INFO - 点击元素成功select2-selection__placeholder
2019-09-16 16:02:13,422 - framework.base_page - INFO - 点击元素成功//li[text()="席胜军"]
2019-09-16 16:02:13,536 - framework.base_page - INFO - 点击元素成功//button[text()="提交"]
2019-09-16 16:02:14,006 - framework.base_page - INFO - 点击元素成功submit
2019-09-16 16:02:15,531 - framework.base_page - INFO - 点击元素成功//button[@class="btn btn-minor submit close"]
2019-09-16 16:02:18,600 - framework.base_page - INFO - 点击元素成功shrink-png
2019-09-16 16:02:21,696 - framework.myunit - INFO - ************************test case run completed************************
2019-09-16 16:02:25,264 - framework.myunit - INFO - quit the browser success!
