2019-09-16 14:01:30,562 - framework.testreport - INFO - successed to generate test report [C:\Users\admin\PycharmProjects\Zcy_Vaccine\reports\testReport\report2019-09-16 14_01_30.html]
2019-09-16 14:01:33,056 - framework.driver - INFO - found the chrome driver [<selenium.webdriver.chrome.webdriver.WebDriver (session="aab5dc7d9d0367c045af869ef5dcf027")>] successed !
2019-09-16 14:01:33,056 - framework.myunit - INFO - opened the browser successed!
2019-09-16 14:01:35,213 - pageobjects.login_page - INFO - https://login-staging.zcygov.cn/login 打开登录地址成功
2019-09-16 14:01:35,288 - framework.base_page - INFO - 清除文本框内容成功username
2019-09-16 14:01:35,411 - framework.base_page - INFO - 输入的内容：13777466979
2019-09-16 14:01:35,475 - framework.base_page - INFO - 清除文本框内容成功password
2019-09-16 14:01:35,578 - framework.base_page - INFO - 输入的内容：test123456
2019-09-16 14:01:41,184 - framework.base_page - INFO - 点击元素成功//button[@class='ant-btn login-btn password-login ant-btn-primary']
2019-09-16 14:01:41,185 - framework.myunit - INFO - ************************starting run test cases************************
2019-09-16 14:01:42,441 - framework.base_page - INFO - https://cart-staging.zcygov.cn/ 地址正常打开
2019-09-16 14:01:45,637 - framework.base_page - INFO - 点击元素成功//div[@class="float-bar-action-del"]/a[text()="删除"]
2019-09-16 14:01:51,660 - pageobjects.order_page - INFO - 删除商品失败
2019-09-16 14:01:52,633 - framework.base_page - INFO - https://vaccine-staging.zcygov.cn/items/175600205?searchType=1&type=vaccine&utm=a0004.2ef5001f.0.0.33d8ffd0ca0411e9af8ed36431cbf75c 地址正常打开
2019-09-16 14:01:53,547 - framework.base_page - INFO - 点击元素成功//*[contains(text(),"加入购物车")]
2019-09-16 14:01:54,912 - framework.base_page - INFO - 点击元素成功//*[contains(text(),"查看购物车")]
2019-09-16 14:02:12,807 - framework.base_page - INFO - 点击元素成功select2-selection__placeholder
2019-09-16 14:02:12,891 - framework.base_page - INFO - 点击元素成功//li[text()="席胜军"]
2019-09-16 14:02:13,002 - framework.base_page - INFO - 点击元素成功//button[text()="提交"]
2019-09-16 14:02:13,355 - framework.base_page - INFO - 点击元素成功submit
2019-09-16 14:02:14,999 - framework.base_page - INFO - 点击元素成功//button[@class="btn btn-minor submit close"]
2019-09-16 14:02:15,071 - framework.base_page - INFO - 点击元素成功shrink-png
2019-09-16 14:02:15,169 - framework.myunit - INFO - ************************test case run completed************************
2019-09-16 14:02:18,899 - framework.myunit - INFO - quit the browser success!
2019-09-16 14:02:18,908 - framework.send_email - INFO - 添加附件
2019-09-16 14:02:18,970 - framework.send_email - INFO - 连接成功
2019-09-16 14:02:20,349 - framework.send_email - INFO - 2019-09-16-14_02_20----发送邮件成功
