2019-09-03 15:42:43,860 - framework.testreport - INFO - successed to generate test report [C:\Users\admin\PycharmProjects\Zcy_Vaccine\reports\testReport\report2019-09-03 15_42_43.html]
2019-09-03 15:42:46,420 - framework.driver - INFO - found the chrome driver [<selenium.webdriver.chrome.webdriver.WebDriver (session="b5f8494385c3677d541e537ae5b9b1cc")>] successed !
2019-09-03 15:42:47,550 - framework.myunit - INFO - opened the browser successed!
2019-09-03 15:42:49,897 - pageobjects.login_page - INFO - https://login-staging.zcygov.cn/login 打开登录地址成功
2019-09-03 15:42:49,975 - framework.base_page - INFO - 清除文本框内容成功username
2019-09-03 15:42:50,138 - framework.base_page - INFO - 输入的内容：13777466979
2019-09-03 15:42:50,202 - framework.base_page - INFO - 清除文本框内容成功password
2019-09-03 15:42:50,298 - framework.base_page - INFO - 输入的内容：test123456
2019-09-03 15:42:55,138 - framework.base_page - INFO - 点击元素成功//button[@class='ant-btn login-btn password-login ant-btn-primary']
2019-09-03 15:42:55,138 - framework.myunit - INFO - ************************starting run test cases************************
2019-09-03 15:43:02,160 - framework.base_page - INFO - https://staging.zcygov.cn/buyer/vaccine-orders 地址正常打开
2019-09-03 15:43:02,242 - framework.base_page - INFO - 点击元素成功header-right-user-avatar
2019-09-03 15:43:03,600 - framework.base_page - INFO - 点击元素成功logout
2019-09-03 15:43:08,657 - framework.base_page - INFO - 清除文本框内容成功username
2019-09-03 15:43:08,749 - framework.base_page - INFO - 输入的内容：SINOVAC
2019-09-03 15:43:08,807 - framework.base_page - INFO - 清除文本框内容成功password
2019-09-03 15:43:08,900 - framework.base_page - INFO - 输入的内容：test123456
2019-09-03 15:43:10,693 - framework.base_page - INFO - 点击元素成功//button[@class='ant-btn login-btn password-login ant-btn-primary']
2019-09-03 15:43:12,066 - framework.base_page - INFO - https://staging.zcygov.cn/seller/vaccine-orders 地址正常打开
2019-09-03 15:43:13,159 - framework.base_page - INFO - 点击元素成功div.order-form-list-body > table > tbody > tr:nth-child(1)  > td:nth-child(7) > a:nth-child(3)
2019-09-03 15:43:13,271 - framework.base_page - INFO - 点击元素成功selectric-js-all-select-warehouse
2019-09-03 15:43:13,391 - framework.base_page - INFO - 点击元素成功//li[contains(text(),"默认仓库")]
2019-09-03 15:43:13,450 - framework.base_page - INFO - 清除文本框内容成功js-shipmentNo
2019-09-03 15:43:13,550 - framework.base_page - INFO - 输入的内容：12222221
2019-09-03 15:43:13,655 - framework.base_page - INFO - 点击元素成功//*[@type="checkbox"]
2019-09-03 15:43:13,729 - framework.base_page - INFO - 点击元素成功//*[contains(text(),"添加批号")]
2019-09-03 15:43:13,972 - framework.base_page - INFO - 点击元素成功select2-selection__rendered
2019-09-03 15:43:14,039 - framework.base_page - INFO - 点击元素成功ul.select2-results__options > li:nth-child(2)
2019-09-03 15:43:14,122 - framework.base_page - INFO - 清除文本框内容成功goodsCount
2019-09-03 15:43:14,158 - framework.base_page - INFO - 输入的内容：1
2019-09-03 15:43:14,233 - framework.base_page - INFO - 点击元素成功//button[text()="确定"]
2019-09-03 15:43:14,310 - framework.myunit - INFO - ************************test case run completed************************
2019-09-03 15:43:16,003 - pageobjects.login_page - INFO - https://login-staging.zcygov.cn/login 打开登录地址成功
2019-09-03 15:43:16,056 - framework.base_page - INFO - 清除文本框内容成功username
2019-09-03 15:43:16,174 - framework.base_page - INFO - 输入的内容：13777466979
2019-09-03 15:43:16,236 - framework.base_page - INFO - 清除文本框内容成功password
2019-09-03 15:43:16,332 - framework.base_page - INFO - 输入的内容：test123456
2019-09-03 15:43:17,637 - framework.base_page - INFO - 点击元素成功//button[@class='ant-btn login-btn password-login ant-btn-primary']
2019-09-03 15:43:17,637 - framework.myunit - INFO - ************************starting run test cases************************
2019-09-03 15:43:18,833 - framework.base_page - INFO - https://staging.zcygov.cn/buyer/vaccine-orders 地址正常打开
2019-09-03 15:43:18,925 - framework.base_page - INFO - 点击元素成功header-right-user-avatar
2019-09-03 15:43:20,284 - framework.base_page - INFO - 点击元素成功logout
