2019-09-16 15:24:00,284 - framework.testreport - INFO - successed to generate test report [C:\Users\admin\PycharmProjects\Zcy_Vaccine\reports\testReport\report2019-09-16 15_24_00.html]
2019-09-16 15:24:02,739 - framework.driver - INFO - found the chrome driver [<selenium.webdriver.chrome.webdriver.WebDriver (session="371378df57f0e247fd7f2878c4fdc029")>] successed !
2019-09-16 15:24:02,739 - framework.myunit - INFO - opened the browser successed!
2019-09-16 15:24:04,810 - pageobjects.login_page - INFO - https://login-staging.zcygov.cn/login 打开登录地址成功
2019-09-16 15:24:04,912 - framework.base_page - INFO - 清除文本框内容成功username
2019-09-16 15:24:05,051 - framework.base_page - INFO - 输入的内容：13777466979
2019-09-16 15:24:05,121 - framework.base_page - INFO - 清除文本框内容成功password
2019-09-16 15:24:05,233 - framework.base_page - INFO - 输入的内容：test123456
2019-09-16 15:24:09,055 - framework.base_page - INFO - 点击元素成功//button[@class='ant-btn login-btn password-login ant-btn-primary']
2019-09-16 15:24:09,055 - framework.myunit - INFO - ************************starting run test cases************************
2019-09-16 15:24:09,913 - framework.base_page - INFO - https://cart-staging.zcygov.cn/ 地址正常打开
2019-09-16 15:24:13,125 - framework.base_page - INFO - 点击元素成功//div[@class="float-bar-action-del"]/a[text()="删除"]
2019-09-16 15:24:19,179 - pageobjects.order_page - INFO - 删除商品失败
2019-09-16 15:24:20,265 - framework.base_page - INFO - https://vaccine-staging.zcygov.cn/items/175600205?searchType=1&type=vaccine&utm=a0004.2ef5001f.0.0.33d8ffd0ca0411e9af8ed36431cbf75c 地址正常打开
2019-09-16 15:24:21,279 - framework.base_page - INFO - 点击元素成功//*[contains(text(),"加入购物车")]
2019-09-16 15:24:31,524 - framework.base_page - ERROR - 查找元素超时://*[contains(text(),"查看购物车")]
Traceback (most recent call last):
  File "C:\Users\admin\PycharmProjects\Zcy_Vaccine\framework\base_page.py", line 109, in find_element
    EC.visibility_of(self.driver.find_element_by_xpath(value)))
  File "C:\Users\admin\PycharmProjects\UITest\venv\lib\site-packages\selenium\webdriver\support\wait.py", line 80, in until
    raise TimeoutException(message, screen, stacktrace)
selenium.common.exceptions.TimeoutException: Message: 

2019-09-16 15:24:31,545 - framework.myunit - INFO - ************************test case run completed************************
2019-09-16 15:24:34,341 - framework.myunit - INFO - quit the browser success!
2019-09-16 15:24:34,346 - framework.send_email - INFO - 添加附件
2019-09-16 15:24:34,412 - framework.send_email - INFO - 连接成功
2019-09-16 15:24:35,422 - framework.send_email - INFO - 2019-09-16-15_24_35----发送邮件成功
2019-09-16 15:24:39,012 - framework.testreport - INFO - successed to generate test report [C:\Users\admin\PycharmProjects\Zcy_Vaccine\reports\testReport\report2019-09-16 15_24_39.html]
2019-09-16 15:24:41,478 - framework.driver - INFO - found the chrome driver [<selenium.webdriver.chrome.webdriver.WebDriver (session="778e0ebf454a16089be09d00a45e59db")>] successed !
2019-09-16 15:24:41,478 - framework.myunit - INFO - opened the browser successed!
2019-09-16 15:24:47,047 - pageobjects.login_page - INFO - https://login-staging.zcygov.cn/login 打开登录地址成功
2019-09-16 15:24:47,113 - framework.base_page - INFO - 清除文本框内容成功username
2019-09-16 15:24:47,242 - framework.base_page - INFO - 输入的内容：13777466979
2019-09-16 15:24:47,309 - framework.base_page - INFO - 清除文本框内容成功password
2019-09-16 15:24:47,413 - framework.base_page - INFO - 输入的内容：test123456
2019-09-16 15:24:51,446 - framework.base_page - INFO - 点击元素成功//button[@class='ant-btn login-btn password-login ant-btn-primary']
2019-09-16 15:24:51,446 - framework.myunit - INFO - ************************starting run test cases************************
2019-09-16 15:24:52,722 - framework.base_page - INFO - https://cart-staging.zcygov.cn/ 地址正常打开
2019-09-16 15:24:55,907 - framework.base_page - INFO - 点击元素成功//div[@class="float-bar-action-del"]/a[text()="删除"]
2019-09-16 15:24:58,987 - pageobjects.order_page - INFO - 删除商品成功
2019-09-16 15:25:00,546 - framework.base_page - INFO - https://vaccine-staging.zcygov.cn/items/175600205?searchType=1&type=vaccine&utm=a0004.2ef5001f.0.0.33d8ffd0ca0411e9af8ed36431cbf75c 地址正常打开
2019-09-16 15:25:02,812 - framework.base_page - INFO - 点击元素成功//*[contains(text(),"加入购物车")]
2019-09-16 15:25:03,681 - framework.base_page - INFO - 点击元素成功//*[contains(text(),"查看购物车")]
2019-09-16 15:25:12,875 - framework.myunit - INFO - ************************test case run completed************************
2019-09-16 15:25:15,630 - framework.myunit - INFO - quit the browser success!
2019-09-16 15:25:15,634 - framework.send_email - INFO - 添加附件
2019-09-16 15:25:15,723 - framework.send_email - INFO - 连接成功
2019-09-16 15:25:16,582 - framework.send_email - INFO - 2019-09-16-15_25_16----发送邮件成功
