2019-08-27 19:27:38,775 - framework.testreport - INFO - successed to generate test report [C:\Users\admin\PycharmProjects\Vaccine\reports\testReport\report2019-08-27 19_27_38.html]
2019-08-27 19:27:41,417 - framework.driver - INFO - found the chrome driver [<selenium.webdriver.chrome.webdriver.WebDriver (session="940b638dd17965987e1c3823dc58342a")>] successed !
2019-08-27 19:27:42,550 - test_33301_login - INFO - 启动浏览器成功
2019-08-27 19:27:44,769 - pageobjects.login_page - INFO - https://login-staging.zcygov.cn/login 打开登录地址成功
2019-08-27 19:27:44,769 - test_33301_login - INFO - ************************starting run test cases************************
2019-08-27 19:27:44,846 - framework.base_page - INFO - 清除文本框内容成功username
2019-08-27 19:27:45,008 - framework.base_page - INFO - 输入的内容：13777466979
2019-08-27 19:27:45,077 - framework.base_page - INFO - 清除文本框内容成功password
2019-08-27 19:27:45,182 - framework.base_page - INFO - 输入的内容：test123456
2019-08-27 19:27:48,998 - framework.base_page - INFO - 点击元素成功//button[@class='ant-btn login-btn password-login ant-btn-primary']
2019-08-27 19:27:49,003 - framework.base_page - INFO - 当前窗口的title是: 政采云，一站式政府采购云平台-引导页
2019-08-27 19:27:49,490 - framework.base_page - INFO - 截图 [login_33301_pass.png] 成功保存在 [C:\Users\admin\PycharmProjects\Vaccine\reports\screenshots\pass]
2019-08-27 19:27:49,490 - test_33301_login - INFO - 运行成功：用户名正确,密码正确,登录成功
2019-08-27 19:27:56,681 - framework.base_page - INFO - 关闭浏览器
2019-08-27 19:27:59,233 - framework.driver - INFO - found the chrome driver [<selenium.webdriver.chrome.webdriver.WebDriver (session="baf166f965139aa7bf6470c32542619c")>] successed !
2019-08-27 19:28:00,367 - framework.myunit - INFO - opened the browser successed!
2019-08-27 19:28:02,392 - pageobjects.login_page - INFO - https://login-staging.zcygov.cn/login 打开登录地址成功
2019-08-27 19:28:02,464 - framework.base_page - INFO - 清除文本框内容成功username
2019-08-27 19:28:02,587 - framework.base_page - INFO - 输入的内容：13777466979
2019-08-27 19:28:02,658 - framework.base_page - INFO - 清除文本框内容成功password
2019-08-27 19:28:02,765 - framework.base_page - INFO - 输入的内容：test123456
2019-08-27 19:28:07,946 - framework.base_page - INFO - 点击元素成功//button[@class='ant-btn login-btn password-login ant-btn-primary']
2019-08-27 19:28:07,946 - framework.myunit - INFO - ************************starting run test cases************************
2019-08-27 19:28:08,027 - framework.base_page - INFO - 点击元素成功user-toggle
2019-08-27 19:28:09,416 - framework.base_page - INFO - 点击元素成功logout
2019-08-27 19:28:09,424 - framework.base_page - INFO - 当前窗口的title是: 政采云，一站式政府采购云平台—登录相关
2019-08-27 19:28:09,843 - framework.base_page - INFO - 截图 [logout_0116_pass.png] 成功保存在 [C:\Users\admin\PycharmProjects\Vaccine\reports\screenshots\pass]
2019-08-27 19:28:09,843 - test_33311_logout - INFO - 运行成功：退出成功
2019-08-27 19:28:09,857 - framework.myunit - INFO - ************************test case run completed************************
2019-08-27 19:28:12,077 - framework.myunit - INFO - quit the browser success!
