2019-09-16 15:14:00,193 - framework.testreport - INFO - successed to generate test report [C:\Users\admin\PycharmProjects\Zcy_Vaccine\reports\testReport\report2019-09-16 15_14_00.html]
2019-09-16 15:14:02,661 - framework.driver - INFO - found the chrome driver [<selenium.webdriver.chrome.webdriver.WebDriver (session="b46d3d3286f9c11c4ac9e0d5afdb1d02")>] successed !
2019-09-16 15:14:02,661 - framework.myunit - INFO - opened the browser successed!
2019-09-16 15:14:06,299 - pageobjects.login_page - INFO - https://login-staging.zcygov.cn/login 打开登录地址成功
2019-09-16 15:14:06,371 - framework.base_page - INFO - 清除文本框内容成功username
2019-09-16 15:14:06,498 - framework.base_page - INFO - 输入的内容：13777466979
2019-09-16 15:14:06,569 - framework.base_page - INFO - 清除文本框内容成功password
2019-09-16 15:14:06,669 - framework.base_page - INFO - 输入的内容：test123456
2019-09-16 15:14:11,719 - framework.base_page - INFO - 点击元素成功//button[@class='ant-btn login-btn password-login ant-btn-primary']
2019-09-16 15:14:11,719 - framework.myunit - INFO - ************************starting run test cases************************
2019-09-16 15:14:12,558 - framework.base_page - INFO - https://cart-staging.zcygov.cn/ 地址正常打开
2019-09-16 15:14:15,760 - framework.base_page - INFO - 点击元素成功//div[@class="float-bar-action-del"]/a[text()="删除"]
2019-09-16 15:14:21,825 - pageobjects.order_page - INFO - 删除商品失败
2019-09-16 15:14:22,835 - framework.base_page - INFO - https://vaccine-staging.zcygov.cn/items/175600205?searchType=1&type=vaccine&utm=a0004.2ef5001f.0.0.33d8ffd0ca0411e9af8ed36431cbf75c 地址正常打开
2019-09-16 15:14:23,578 - framework.base_page - INFO - 点击元素成功//*[contains(text(),"加入购物车")]
2019-09-16 15:14:25,027 - framework.base_page - INFO - 点击元素成功//*[contains(text(),"查看购物车")]
2019-09-16 15:14:42,246 - framework.myunit - INFO - ************************test case run completed************************
2019-09-16 15:14:46,166 - framework.myunit - INFO - quit the browser success!
2019-09-16 15:14:46,172 - framework.send_email - INFO - 添加附件
2019-09-16 15:14:46,261 - framework.send_email - INFO - 连接成功
2019-09-16 15:14:47,274 - framework.send_email - INFO - 2019-09-16-15_14_47----发送邮件成功
