2019-09-16 15:37:46,673 - framework.testreport - INFO - successed to generate test report [C:\Users\admin\PycharmProjects\Zcy_Vaccine\reports\testReport\report2019-09-16 15_37_46.html]
2019-09-16 15:37:49,267 - framework.driver - INFO - found the chrome driver [<selenium.webdriver.chrome.webdriver.WebDriver (session="7891fe0f1385446fd6fb4a44cb98d416")>] successed !
2019-09-16 15:37:49,267 - framework.myunit - INFO - opened the browser successed!
2019-09-16 15:37:52,880 - pageobjects.login_page - INFO - https://login-staging.zcygov.cn/login 打开登录地址成功
2019-09-16 15:37:52,952 - framework.base_page - INFO - 清除文本框内容成功username
2019-09-16 15:37:53,075 - framework.base_page - INFO - 输入的内容：13777466979
2019-09-16 15:37:53,144 - framework.base_page - INFO - 清除文本框内容成功password
2019-09-16 15:37:53,261 - framework.base_page - INFO - 输入的内容：test123456
2019-09-16 15:37:57,223 - framework.base_page - INFO - 点击元素成功//button[@class='ant-btn login-btn password-login ant-btn-primary']
2019-09-16 15:37:57,223 - framework.myunit - INFO - ************************starting run test cases************************
2019-09-16 15:37:58,069 - framework.base_page - INFO - https://cart-staging.zcygov.cn/ 地址正常打开
2019-09-16 15:38:01,270 - framework.base_page - INFO - 点击元素成功//div[@class="float-bar-action-del"]/a[text()="删除"]
2019-09-16 15:38:07,295 - pageobjects.order_page - INFO - 删除商品失败
2019-09-16 15:38:08,354 - framework.base_page - INFO - https://vaccine-staging.zcygov.cn/items/175600205?searchType=1&type=vaccine&utm=a0004.2ef5001f.0.0.33d8ffd0ca0411e9af8ed36431cbf75c 地址正常打开
2019-09-16 15:38:09,001 - framework.base_page - INFO - 点击元素成功//*[contains(text(),"加入购物车")]
2019-09-16 15:38:10,358 - framework.base_page - INFO - 点击元素成功//*[contains(text(),"查看购物车")]
2019-09-16 15:38:27,577 - framework.base_page - INFO - 点击元素成功select2-selection__placeholder
2019-09-16 15:38:27,669 - framework.base_page - INFO - 点击元素成功//li[text()="席胜军"]
2019-09-16 15:38:27,821 - framework.base_page - INFO - 点击元素成功//button[text()="提交"]
2019-09-16 15:38:28,319 - framework.base_page - INFO - 点击元素成功submit
2019-09-16 15:38:30,476 - framework.base_page - INFO - 点击元素成功//button[@class="btn btn-minor submit close"]
2019-09-16 15:38:30,490 - framework.myunit - INFO - ************************test case run completed************************
2019-09-16 15:38:34,011 - framework.myunit - INFO - quit the browser success!
2019-09-16 15:38:34,032 - framework.send_email - INFO - 添加附件
2019-09-16 15:38:34,102 - framework.send_email - INFO - 连接成功
2019-09-16 15:38:35,220 - framework.send_email - INFO - 2019-09-16-15_38_35----发送邮件成功
