2019-08-29 11:39:44,006 - framework.testreport - INFO - successed to generate test report [C:\Users\admin\PycharmProjects\Zcy_Vaccine\reports\testReport\report2019-08-29 11_39_44.html]
2019-08-29 11:39:46,535 - framework.driver - INFO - found the chrome driver [<selenium.webdriver.chrome.webdriver.WebDriver (session="85ccfedfbf438c61e06afbd94e9aa2de")>] successed !
2019-08-29 11:39:47,663 - framework.myunit - INFO - opened the browser successed!
2019-08-29 11:39:50,041 - pageobjects.login_page - INFO - https://login-staging.zcygov.cn/login 打开登录地址成功
2019-08-29 11:39:50,115 - framework.base_page - INFO - 清除文本框内容成功username
2019-08-29 11:39:50,236 - framework.base_page - INFO - 输入的内容：13777466979
2019-08-29 11:39:50,303 - framework.base_page - INFO - 清除文本框内容成功password
2019-08-29 11:39:50,408 - framework.base_page - INFO - 输入的内容：test123456
2019-08-29 11:39:55,065 - framework.base_page - INFO - 点击元素成功//button[@class='ant-btn login-btn password-login ant-btn-primary']
2019-08-29 11:39:55,065 - framework.myunit - INFO - ************************starting run test cases************************
2019-08-29 11:39:56,089 - framework.base_page - INFO - https://cart-staging.zcygov.cn/ 地址正常打开
2019-08-29 11:39:59,379 - framework.base_page - INFO - 点击元素成功//div[@class="float-bar-action-del"]/a[text()="删除"]
2019-08-29 11:40:09,436 - framework.base_page - ERROR - 查找元素超时://*[contains(text(),"确定")]
Traceback (most recent call last):
  File "C:\Users\admin\PycharmProjects\Zcy_Vaccine\framework\base_page.py", line 109, in find_element
    EC.visibility_of(self.driver.find_element_by_xpath(value)))
  File "C:\Users\admin\PycharmProjects\UITest\venv\lib\site-packages\selenium\webdriver\support\wait.py", line 80, in until
    raise TimeoutException(message, screen, stacktrace)
selenium.common.exceptions.TimeoutException: Message: 

2019-08-29 11:40:09,439 - pageobjects.order_page - INFO - 删除商品失败
2019-08-29 11:40:09,758 - framework.base_page - INFO - 截图 [test_33324_fail.png] 成功保存在 [C:\Users\admin\PycharmProjects\Zcy_Vaccine\reports\screenshots\fail]
2019-08-29 11:40:09,773 - framework.myunit - INFO - ************************test case run completed************************
2019-08-29 11:40:11,007 - pageobjects.login_page - INFO - https://login-staging.zcygov.cn/login 打开登录地址成功
2019-08-29 11:40:11,080 - framework.base_page - INFO - 清除文本框内容成功username
2019-08-29 11:40:11,196 - framework.base_page - INFO - 输入的内容：13777466979
2019-08-29 11:40:11,272 - framework.base_page - INFO - 清除文本框内容成功password
2019-08-29 11:40:11,376 - framework.base_page - INFO - 输入的内容：test123456
2019-08-29 11:40:13,379 - framework.base_page - INFO - 点击元素成功//button[@class='ant-btn login-btn password-login ant-btn-primary']
2019-08-29 11:40:13,379 - framework.myunit - INFO - ************************starting run test cases************************
2019-08-29 11:40:14,357 - framework.base_page - INFO - https://cart-staging.zcygov.cn/ 地址正常打开
2019-08-29 11:40:17,580 - framework.base_page - INFO - 点击元素成功//div[@class="float-bar-action-del"]/a[text()="删除"]
2019-08-29 11:40:17,664 - framework.base_page - INFO - 点击元素成功//*[contains(text(),"确定")]
2019-08-29 11:40:20,666 - pageobjects.order_page - INFO - 删除商品成功
2019-08-29 11:40:20,960 - framework.base_page - INFO - 截图 [test_33324_pass.png] 成功保存在 [C:\Users\admin\PycharmProjects\Zcy_Vaccine\reports\screenshots\pass]
2019-08-29 11:40:20,960 - test_33324 - INFO - 清空购物车成功
2019-08-29 11:40:20,974 - framework.myunit - INFO - ************************test case run completed************************
2019-08-29 11:40:23,214 - framework.myunit - INFO - quit the browser success!
