2019-09-03 10:19:43,929 - framework.testreport - INFO - successed to generate test report [C:\Users\admin\PycharmProjects\Zcy_Vaccine\reports\testReport\report2019-09-03 10_19_43.html]
2019-09-03 10:19:46,681 - framework.driver - INFO - found the chrome driver [<selenium.webdriver.chrome.webdriver.WebDriver (session="e9bb4f163aaffb30c8afb7ef3157c8b4")>] successed !
2019-09-03 10:19:47,814 - test_33301_login - INFO - 启动浏览器成功
2019-09-03 10:19:50,065 - pageobjects.login_page - INFO - https://login-staging.zcygov.cn/login 打开登录地址成功
2019-09-03 10:19:50,065 - test_33301_login - INFO - ************************starting run test cases************************
2019-09-03 10:19:50,143 - framework.base_page - INFO - 清除文本框内容成功username
2019-09-03 10:19:50,294 - framework.base_page - INFO - 输入的内容：13777466979
2019-09-03 10:19:50,382 - framework.base_page - INFO - 清除文本框内容成功password
2019-09-03 10:19:50,500 - framework.base_page - INFO - 输入的内容：test123456
2019-09-03 10:19:55,511 - framework.base_page - INFO - 点击元素成功//button[@class='ant-btn login-btn password-login ant-btn-primary']
2019-09-03 10:19:55,518 - framework.base_page - INFO - 当前窗口的title是: 政采云，一站式政府采购云平台-引导页
2019-09-03 10:19:55,979 - framework.base_page - INFO - 截图 [login_33301_pass.png] 成功保存在 [C:\Users\admin\PycharmProjects\Zcy_Vaccine\reports\screenshots\pass]
2019-09-03 10:19:55,980 - test_33301_login - INFO - 运行成功：用户名正确,密码正确,登录成功
2019-09-03 10:20:03,229 - framework.base_page - INFO - 关闭浏览器
2019-09-03 10:20:05,720 - framework.driver - INFO - found the chrome driver [<selenium.webdriver.chrome.webdriver.WebDriver (session="c179daa38b20c210cd44ea6081245dc5")>] successed !
2019-09-03 10:20:06,862 - framework.myunit - INFO - opened the browser successed!
2019-09-03 10:20:09,158 - pageobjects.login_page - INFO - https://login-staging.zcygov.cn/login 打开登录地址成功
2019-09-03 10:20:09,241 - framework.base_page - INFO - 清除文本框内容成功username
2019-09-03 10:20:09,364 - framework.base_page - INFO - 输入的内容：13777466979
2019-09-03 10:20:09,433 - framework.base_page - INFO - 清除文本框内容成功password
2019-09-03 10:20:09,533 - framework.base_page - INFO - 输入的内容：test123456
2019-09-03 10:20:14,262 - framework.base_page - INFO - 点击元素成功//button[@class='ant-btn login-btn password-login ant-btn-primary']
2019-09-03 10:20:14,262 - framework.myunit - INFO - ************************starting run test cases************************
2019-09-03 10:20:14,398 - framework.base_page - INFO - 点击元素成功user-toggle
2019-09-03 10:20:16,294 - framework.base_page - INFO - 点击元素成功logout
2019-09-03 10:20:16,299 - framework.base_page - INFO - 当前窗口的title是: 政采云，一站式政府采购云平台—登录相关
2019-09-03 10:20:16,733 - framework.base_page - INFO - 截图 [logout_0116_pass.png] 成功保存在 [C:\Users\admin\PycharmProjects\Zcy_Vaccine\reports\screenshots\pass]
2019-09-03 10:20:16,733 - test_33311_logout - INFO - 运行成功：退出成功
2019-09-03 10:20:16,744 - framework.myunit - INFO - ************************test case run completed************************
2019-09-03 10:20:18,967 - framework.myunit - INFO - quit the browser success!
2019-09-03 10:20:18,975 - framework.send_email - INFO - 添加附件
2019-09-03 10:20:19,147 - framework.send_email - INFO - 连接成功
2019-09-03 10:20:19,804 - framework.send_email - INFO - 2019-09-03-10_20_19----发送邮件成功
