2019-08-29 14:31:47,471 - framework.testreport - INFO - successed to generate test report [C:\Users\admin\PycharmProjects\Zcy_Vaccine\reports\testReport\report2019-08-29 14_31_47.html]
2019-08-29 14:31:50,222 - framework.driver - INFO - found the chrome driver [<selenium.webdriver.chrome.webdriver.WebDriver (session="32f54822f3ce7f584a49de7a41956fbd")>] successed !
2019-08-29 14:31:51,345 - framework.myunit - INFO - opened the browser successed!
2019-08-29 14:31:55,605 - pageobjects.login_page - INFO - https://login-staging.zcygov.cn/login 打开登录地址成功
2019-08-29 14:31:55,671 - framework.base_page - INFO - 清除文本框内容成功username
2019-08-29 14:31:55,773 - framework.base_page - INFO - 输入的内容：13777466979
2019-08-29 14:31:55,832 - framework.base_page - INFO - 清除文本框内容成功password
2019-08-29 14:31:55,931 - framework.base_page - INFO - 输入的内容：test123456
2019-08-29 14:32:03,085 - framework.base_page - INFO - 点击元素成功//button[@class='ant-btn login-btn password-login ant-btn-primary']
2019-08-29 14:32:03,085 - framework.myunit - INFO - ************************starting run test cases************************
2019-08-29 14:32:04,942 - framework.base_page - INFO - https://cart-staging.zcygov.cn/ 地址正常打开
2019-08-29 14:32:08,109 - framework.base_page - INFO - 点击元素成功//div[@class="float-bar-action-del"]/a[text()="删除"]
2019-08-29 14:32:11,181 - pageobjects.order_page - INFO - 删除商品成功
2019-08-29 14:32:13,102 - framework.base_page - INFO - https://vaccine-staging.zcygov.cn/items/175600205?searchType=1&type=vaccine&utm=a0004.2ef5001f.0.0.33d8ffd0ca0411e9af8ed36431cbf75c 地址正常打开
2019-08-29 14:32:16,254 - framework.base_page - INFO - 点击元素成功//*[contains(text(),"加入购物车")]
2019-08-29 14:32:17,974 - framework.base_page - INFO - 点击元素成功//*[contains(text(),"查看购物车")]
2019-08-29 14:32:28,379 - framework.base_page - INFO - 截图 [test_33305_fail.png] 成功保存在 [C:\Users\admin\PycharmProjects\Zcy_Vaccine\reports\screenshots\fail]
2019-08-29 14:32:28,403 - framework.myunit - INFO - ************************test case run completed************************
2019-08-29 14:32:29,736 - pageobjects.login_page - INFO - https://login-staging.zcygov.cn/login 打开登录地址成功
2019-08-29 14:32:29,790 - framework.base_page - INFO - 清除文本框内容成功username
2019-08-29 14:32:29,900 - framework.base_page - INFO - 输入的内容：13777466979
2019-08-29 14:32:29,958 - framework.base_page - INFO - 清除文本框内容成功password
2019-08-29 14:32:30,053 - framework.base_page - INFO - 输入的内容：test123456
2019-08-29 14:32:31,925 - framework.base_page - INFO - 点击元素成功//button[@class='ant-btn login-btn password-login ant-btn-primary']
2019-08-29 14:32:31,926 - framework.myunit - INFO - ************************starting run test cases************************
2019-08-29 14:32:32,376 - framework.base_page - INFO - https://cart-staging.zcygov.cn/ 地址正常打开
2019-08-29 14:32:35,541 - framework.base_page - INFO - 点击元素成功//div[@class="float-bar-action-del"]/a[text()="删除"]
2019-08-29 14:32:41,593 - pageobjects.order_page - INFO - 删除商品失败
2019-08-29 14:32:42,020 - framework.base_page - INFO - https://vaccine-staging.zcygov.cn/items/175600205?searchType=1&type=vaccine&utm=a0004.2ef5001f.0.0.33d8ffd0ca0411e9af8ed36431cbf75c 地址正常打开
2019-08-29 14:32:45,124 - framework.base_page - INFO - 点击元素成功//*[contains(text(),"加入购物车")]
2019-08-29 14:32:46,532 - framework.base_page - INFO - 点击元素成功//*[contains(text(),"查看购物车")]
