2019-09-03 11:01:59,562 - framework.testreport - INFO - successed to generate test report [C:\Users\admin\PycharmProjects\Zcy_Vaccine\reports\testReport\report2019-09-03 11_01_59.html]
2019-09-03 11:02:02,367 - framework.driver - INFO - found the chrome driver [<selenium.webdriver.chrome.webdriver.WebDriver (session="0e45f29bfc4fddfda7d40b5ea7578ba4")>] successed !
2019-09-03 11:02:03,494 - framework.myunit - INFO - opened the browser successed!
2019-09-03 11:02:05,515 - pageobjects.login_page - INFO - https://login-staging.zcygov.cn/login 打开登录地址成功
2019-09-03 11:02:05,591 - framework.base_page - INFO - 清除文本框内容成功username
2019-09-03 11:02:05,698 - framework.base_page - INFO - 输入的内容：13777466979
2019-09-03 11:02:05,803 - framework.base_page - INFO - 清除文本框内容成功password
2019-09-03 11:02:05,976 - framework.base_page - INFO - 输入的内容：test123456
2019-09-03 11:02:10,563 - framework.base_page - INFO - 点击元素成功//button[@class='ant-btn login-btn password-login ant-btn-primary']
2019-09-03 11:02:10,563 - framework.myunit - INFO - ************************starting run test cases************************
2019-09-03 11:02:12,200 - framework.base_page - INFO - https://vaccine-staging.zcygov.cn/items/175600205?searchType=1&type=vaccine&utm=a0004.2ef5001f.0.0.33d8ffd0ca0411e9af8ed36431cbf75c 地址正常打开
2019-09-03 11:02:14,294 - framework.base_page - INFO - 点击元素成功//*[contains(text(),"立即下单")]
2019-09-03 11:02:22,667 - framework.base_page - INFO - 获取当前url https://vaccine-staging.zcygov.cn/buyer/purchase-process?purchaseId=1129000000000180712&tranMode=
2019-09-03 11:02:22,674 - test_33418 - INFO - https://vaccine-staging.zcygov.cn/buyer/purchase-process?purchaseId=1129000000000180712&tranMode=
2019-09-03 11:02:22,971 - framework.base_page - INFO - 截图 [test_33418_fail.png] 成功保存在 [C:\Users\admin\PycharmProjects\Zcy_Vaccine\reports\screenshots\fail]
2019-09-03 11:02:22,986 - framework.myunit - INFO - ************************test case run completed************************
2019-09-03 11:02:25,217 - pageobjects.login_page - INFO - https://login-staging.zcygov.cn/login 打开登录地址成功
2019-09-03 11:02:25,272 - framework.base_page - INFO - 清除文本框内容成功username
2019-09-03 11:02:25,377 - framework.base_page - INFO - 输入的内容：13777466979
2019-09-03 11:02:25,436 - framework.base_page - INFO - 清除文本框内容成功password
2019-09-03 11:02:25,524 - framework.base_page - INFO - 输入的内容：test123456
2019-09-03 11:02:26,908 - framework.base_page - INFO - 点击元素成功//button[@class='ant-btn login-btn password-login ant-btn-primary']
2019-09-03 11:02:26,909 - framework.myunit - INFO - ************************starting run test cases************************
2019-09-03 11:02:27,442 - framework.base_page - INFO - https://vaccine-staging.zcygov.cn/items/175600205?searchType=1&type=vaccine&utm=a0004.2ef5001f.0.0.33d8ffd0ca0411e9af8ed36431cbf75c 地址正常打开
2019-09-03 11:02:29,557 - framework.base_page - INFO - 点击元素成功//*[contains(text(),"立即下单")]
2019-09-03 11:02:32,562 - framework.base_page - INFO - 获取当前url https://vaccine-staging.zcygov.cn/buyer/purchase-process?purchaseId=1129000000000180713&tranMode=
2019-09-03 11:02:32,564 - test_33418 - INFO - https://vaccine-staging.zcygov.cn/buyer/purchase-process?purchaseId=1129000000000180713&tranMode=
2019-09-03 11:02:32,833 - framework.base_page - INFO - 截图 [test_33418_fail.png] 成功保存在 [C:\Users\admin\PycharmProjects\Zcy_Vaccine\reports\screenshots\fail]
2019-09-03 11:02:32,849 - framework.myunit - INFO - ************************test case run completed************************
2019-09-03 11:02:36,497 - framework.myunit - INFO - quit the browser success!
