2019-09-16 15:18:49,702 - framework.testreport - INFO - successed to generate test report [C:\Users\admin\PycharmProjects\Zcy_Vaccine\reports\testReport\report2019-09-16 15_18_49.html]
2019-09-16 15:18:52,200 - framework.driver - INFO - found the chrome driver [<selenium.webdriver.chrome.webdriver.WebDriver (session="f074cc16928eb823a1db1d2e0c35b72f")>] successed !
2019-09-16 15:18:52,200 - framework.myunit - INFO - opened the browser successed!
2019-09-16 15:18:54,504 - pageobjects.login_page - INFO - https://login-staging.zcygov.cn/login 打开登录地址成功
2019-09-16 15:18:54,576 - framework.base_page - INFO - 清除文本框内容成功username
2019-09-16 15:18:54,688 - framework.base_page - INFO - 输入的内容：13777466979
2019-09-16 15:18:54,762 - framework.base_page - INFO - 清除文本框内容成功password
2019-09-16 15:18:54,868 - framework.base_page - INFO - 输入的内容：test123456
2019-09-16 15:18:59,008 - framework.base_page - INFO - 点击元素成功//button[@class='ant-btn login-btn password-login ant-btn-primary']
2019-09-16 15:18:59,008 - framework.myunit - INFO - ************************starting run test cases************************
2019-09-16 15:18:59,944 - framework.base_page - INFO - https://cart-staging.zcygov.cn/ 地址正常打开
2019-09-16 15:19:03,155 - framework.base_page - INFO - 点击元素成功//div[@class="float-bar-action-del"]/a[text()="删除"]
2019-09-16 15:19:09,225 - pageobjects.order_page - INFO - 删除商品失败
2019-09-16 15:19:10,468 - framework.base_page - INFO - https://vaccine-staging.zcygov.cn/items/175600205?searchType=1&type=vaccine&utm=a0004.2ef5001f.0.0.33d8ffd0ca0411e9af8ed36431cbf75c 地址正常打开
2019-09-16 15:19:10,854 - framework.base_page - INFO - 点击元素成功//*[contains(text(),"加入购物车")]
2019-09-16 15:19:12,250 - framework.base_page - INFO - 点击元素成功//*[contains(text(),"查看购物车")]
2019-09-16 15:19:29,032 - framework.myunit - INFO - ************************test case run completed************************
2019-09-16 15:19:32,708 - framework.myunit - INFO - quit the browser success!
2019-09-16 15:19:32,715 - framework.send_email - INFO - 添加附件
2019-09-16 15:19:32,823 - framework.send_email - INFO - 连接成功
2019-09-16 15:19:33,958 - framework.send_email - INFO - 2019-09-16-15_19_33----发送邮件成功
