2019-09-16 16:24:48,437 - framework.testreport - INFO - successed to generate test report [C:\Users\admin\PycharmProjects\Zcy_Vaccine\reports\testReport\report2019-09-16 16_24_48.html]
2019-09-16 16:24:50,902 - framework.driver - INFO - found the chrome driver [<selenium.webdriver.chrome.webdriver.WebDriver (session="69d29c2acc1c8d884fe038c5be9f5aff")>] successed !
2019-09-16 16:24:50,902 - framework.myunit - INFO - opened the browser successed!
2019-09-16 16:24:53,259 - pageobjects.login_page - INFO - https://login-staging.zcygov.cn/login 打开登录地址成功
2019-09-16 16:24:53,332 - framework.base_page - INFO - 清除文本框内容成功username
2019-09-16 16:24:53,461 - framework.base_page - INFO - 输入的内容：13777466979
2019-09-16 16:24:53,533 - framework.base_page - INFO - 清除文本框内容成功password
2019-09-16 16:24:53,639 - framework.base_page - INFO - 输入的内容：test123456
2019-09-16 16:24:57,671 - framework.base_page - INFO - 点击元素成功//button[@class='ant-btn login-btn password-login ant-btn-primary']
2019-09-16 16:24:57,672 - framework.myunit - INFO - ************************starting run test cases************************
2019-09-16 16:24:58,737 - framework.base_page - INFO - https://cart-staging.zcygov.cn/ 地址正常打开
2019-09-16 16:25:01,914 - framework.base_page - INFO - 点击元素成功//div[@class="float-bar-action-del"]/a[text()="删除"]
2019-09-16 16:25:07,966 - pageobjects.order_page - INFO - 删除商品失败
2019-09-16 16:25:08,910 - framework.base_page - INFO - https://vaccine-staging.zcygov.cn/items/175600205?searchType=1&type=vaccine&utm=a0004.2ef5001f.0.0.33d8ffd0ca0411e9af8ed36431cbf75c 地址正常打开
2019-09-16 16:25:09,609 - framework.base_page - INFO - 点击元素成功//*[contains(text(),"加入购物车")]
2019-09-16 16:25:10,975 - framework.base_page - INFO - 点击元素成功//*[contains(text(),"查看购物车")]
2019-09-16 16:25:28,344 - framework.base_page - INFO - 点击元素成功select2-selection__placeholder
2019-09-16 16:25:28,435 - framework.base_page - INFO - 点击元素成功//li[text()="席胜军"]
2019-09-16 16:25:28,546 - framework.base_page - INFO - 点击元素成功//button[text()="提交"]
2019-09-16 16:25:28,977 - framework.base_page - INFO - 点击元素成功submit
2019-09-16 16:25:30,461 - framework.base_page - INFO - 点击元素成功//button[@class="btn btn-minor submit close"]
2019-09-16 16:25:31,675 - framework.base_page - INFO - 点击元素成功div.pur-list-body > table > tbody > tr:nth-child(1) > td:nth-child(7) > a:nth-child(1)
2019-09-16 16:25:31,816 - framework.base_page - INFO - 点击元素成功//button[text()="提交审核意见"]
2019-09-16 16:25:31,907 - framework.base_page - INFO - 点击元素成功submit
2019-09-16 16:25:33,168 - framework.base_page - INFO - 点击元素成功//button[@class="btn btn-minor submit close"]
2019-09-16 16:25:33,227 - framework.base_page - INFO - 获取元素内容: 财务审核
2019-09-16 16:25:33,491 - framework.base_page - INFO - 截图 [test_33307_pass.png] 成功保存在 [C:\Users\admin\PycharmProjects\Zcy_Vaccine\reports\screenshots\pass]
2019-09-16 16:25:33,491 - test_33307 - INFO - 运行成功：部门审核成功
2019-09-16 16:25:33,504 - framework.myunit - INFO - ************************test case run completed************************
2019-09-16 16:25:35,762 - framework.myunit - INFO - quit the browser success!
