2019-09-04 11:42:53,441 - framework.testreport - INFO - successed to generate test report [C:\Users\admin\PycharmProjects\Zcy_Vaccine\reports\testReport\report2019-09-04 11_42_53.html]
2019-09-04 11:42:56,061 - framework.driver - INFO - found the chrome driver [<selenium.webdriver.chrome.webdriver.WebDriver (session="121cc771108418f6d3e71149170ced96")>] successed !
2019-09-04 11:42:57,186 - framework.myunit - INFO - opened the browser successed!
2019-09-04 11:43:01,506 - pageobjects.login_page - INFO - https://login-staging.zcygov.cn/login 打开登录地址成功
2019-09-04 11:43:01,568 - framework.base_page - INFO - 清除文本框内容成功username
2019-09-04 11:43:01,690 - framework.base_page - INFO - 输入的内容：13777466979
2019-09-04 11:43:01,756 - framework.base_page - INFO - 清除文本框内容成功password
2019-09-04 11:43:01,857 - framework.base_page - INFO - 输入的内容：test123456
2019-09-04 11:43:07,622 - framework.base_page - INFO - 点击元素成功//button[@class='ant-btn login-btn password-login ant-btn-primary']
2019-09-04 11:43:07,622 - framework.myunit - INFO - ************************starting run test cases************************
2019-09-04 11:43:10,768 - framework.base_page - INFO - https://vaccine-staging.zcygov.cn/items/175600205?searchType=1&type=vaccine&utm=a0004.2ef5001f.0.0.33d8ffd0ca0411e9af8ed36431cbf75c 地址正常打开
2019-09-04 11:43:12,868 - framework.base_page - INFO - 点击元素成功//*[contains(text(),"立即下单")]
2019-09-04 11:43:27,755 - framework.base_page - INFO - 点击元素成功select2-selection__placeholder
2019-09-04 11:43:27,853 - framework.base_page - INFO - 点击元素成功//li[text()="席胜军"]
2019-09-04 11:43:27,959 - framework.base_page - INFO - 点击元素成功//button[text()="提交"]
2019-09-04 11:43:28,662 - framework.base_page - INFO - 点击元素成功submit
2019-09-04 11:43:31,378 - framework.base_page - INFO - 点击元素成功//button[@class="btn btn-minor submit close"]
2019-09-04 11:43:33,617 - framework.base_page - INFO - 点击元素成功div.pur-list-body > table > tbody > tr:nth-child(1) > td:nth-child(7) > a:nth-child(1)
2019-09-04 11:43:33,733 - framework.base_page - INFO - 点击元素成功//button[text()="提交审核意见"]
2019-09-04 11:43:33,806 - framework.base_page - INFO - 点击元素成功submit
2019-09-04 11:43:36,032 - framework.base_page - INFO - 点击元素成功//button[@class="btn btn-minor submit close"]
2019-09-04 11:43:38,390 - framework.base_page - INFO - 点击元素成功div.pur-list-body > table > tbody > tr:nth-child(1) > td:nth-child(7) > a:nth-child(1)
2019-09-04 11:43:38,489 - framework.base_page - INFO - 点击元素成功//button[text()="提交审核意见"]
2019-09-04 11:43:38,561 - framework.base_page - INFO - 点击元素成功submit
2019-09-04 11:43:41,014 - framework.base_page - INFO - 点击元素成功//button[@class="btn btn-minor submit close"]
2019-09-04 11:43:43,245 - framework.base_page - INFO - 点击元素成功div.pur-list-body > table > tbody > tr:nth-child(1) > td:nth-child(7) > a:nth-child(1)
2019-09-04 11:43:43,404 - framework.base_page - INFO - 点击元素成功//button[text()="提交审核意见"]
2019-09-04 11:43:43,490 - framework.base_page - INFO - 点击元素成功submit
2019-09-04 11:43:46,108 - framework.base_page - INFO - 点击元素成功//button[@class="btn btn-minor submit close"]
2019-09-04 11:43:48,199 - framework.base_page - INFO - 点击元素成功div.pur-list-body > table > tbody > tr:nth-child(1) > td:nth-child(7) > a:nth-child(1)
2019-09-04 11:43:48,299 - framework.base_page - INFO - 点击元素成功//button[text()="确定订单"]
2019-09-04 11:43:51,104 - framework.base_page - INFO - 刷新页面
2019-09-04 11:43:52,783 - framework.base_page - INFO - 点击元素成功header-right-user-avatar
2019-09-04 11:43:55,593 - framework.base_page - INFO - 点击元素成功logout
2019-09-04 11:44:00,658 - framework.base_page - INFO - 清除文本框内容成功username
2019-09-04 11:44:00,755 - framework.base_page - INFO - 输入的内容：SINOVAC
2019-09-04 11:44:00,813 - framework.base_page - INFO - 清除文本框内容成功password
2019-09-04 11:44:00,909 - framework.base_page - INFO - 输入的内容：test123456
2019-09-04 11:44:04,441 - framework.base_page - INFO - 点击元素成功//button[@class='ant-btn login-btn password-login ant-btn-primary']
2019-09-04 11:44:06,875 - framework.base_page - INFO - https://staging.zcygov.cn/seller/vaccine-orders 地址正常打开
2019-09-04 11:44:06,965 - framework.base_page - INFO - 点击元素成功div.order-form-list-body > table > tbody > tr:nth-child(1)  > td:nth-child(7) > a
2019-09-04 11:44:07,252 - framework.base_page - INFO - 点击元素成功//button[text()="确认接单"]
2019-09-04 11:44:07,266 - framework.base_page - INFO - 刷新页面
2019-09-04 11:44:09,195 - framework.base_page - INFO - 点击元素成功header-right-user-avatar
2019-09-04 11:44:11,156 - framework.base_page - INFO - 点击元素成功logout
2019-09-04 11:44:16,222 - framework.base_page - INFO - 清除文本框内容成功username
2019-09-04 11:44:16,330 - framework.base_page - INFO - 输入的内容：13777466979
2019-09-04 11:44:16,389 - framework.base_page - INFO - 清除文本框内容成功password
2019-09-04 11:44:16,489 - framework.base_page - INFO - 输入的内容：test123456
2019-09-04 11:44:18,973 - framework.base_page - INFO - 点击元素成功//button[@class='ant-btn login-btn password-login ant-btn-primary']
2019-09-04 11:44:20,912 - framework.base_page - INFO - https://staging.zcygov.cn/buyer/vaccine-orders 地址正常打开
2019-09-04 11:44:20,987 - framework.base_page - INFO - 点击元素成功div.order-form-list-body > table > tbody > tr:nth-child(1) > td:nth-child(8)> a:nth-child(3)
2019-09-04 11:44:21,049 - framework.base_page - INFO - 清除文本框内容成功js-cancel-reason
2019-09-04 11:44:21,105 - framework.base_page - INFO - 输入的内容：测试环境取消订单
2019-09-04 11:44:21,185 - framework.base_page - INFO - 点击元素成功//button[text()="确定"]
2019-09-04 11:44:21,200 - framework.base_page - INFO - 刷新页面
2019-09-04 11:44:23,088 - framework.base_page - INFO - 点击元素成功header-right-user-avatar
2019-09-04 11:44:24,832 - framework.base_page - INFO - 点击元素成功logout
2019-09-04 11:44:29,892 - framework.base_page - INFO - 清除文本框内容成功username
2019-09-04 11:44:29,982 - framework.base_page - INFO - 输入的内容：SINOVAC
2019-09-04 11:44:30,038 - framework.base_page - INFO - 清除文本框内容成功password
2019-09-04 11:44:30,130 - framework.base_page - INFO - 输入的内容：test123456
2019-09-04 11:44:32,672 - framework.base_page - INFO - 点击元素成功//button[@class='ant-btn login-btn password-login ant-btn-primary']
2019-09-04 11:44:34,641 - framework.base_page - INFO - https://staging.zcygov.cn/seller/vaccine-orders 地址正常打开
2019-09-04 11:44:34,716 - framework.base_page - INFO - 点击元素成功div.order-form-list-body > table > tbody > tr:nth-child(1)  > td:nth-child(7) > a:nth-child(3)
2019-09-04 11:44:34,776 - framework.base_page - INFO - 清除文本框内容成功js-cancel-reason
2019-09-04 11:44:34,836 - framework.base_page - INFO - 输入的内容：供应商同意取消订单
2019-09-04 11:44:34,920 - framework.base_page - INFO - 点击元素成功//button[text()="确定"]
2019-09-04 11:44:34,937 - framework.base_page - INFO - 刷新页面
2019-09-04 11:44:36,543 - framework.base_page - INFO - 获取元素内容: 订单取消
2019-09-04 11:44:36,825 - framework.base_page - INFO - 截图 [test_33315_pass.png] 成功保存在 [C:\Users\admin\PycharmProjects\Zcy_Vaccine\reports\screenshots\pass]
2019-09-04 11:44:36,836 - framework.myunit - INFO - ************************test case run completed************************
2019-09-04 11:44:39,117 - framework.myunit - INFO - quit the browser success!
