2019-08-29 14:28:19,729 - framework.testreport - INFO - successed to generate test report [C:\Users\admin\PycharmProjects\Zcy_Vaccine\reports\testReport\report2019-08-29 14_28_19.html]
2019-08-29 14:28:22,218 - framework.driver - INFO - found the chrome driver [<selenium.webdriver.chrome.webdriver.WebDriver (session="976140f28474cb11adfab8d9ae76b862")>] successed !
2019-08-29 14:28:23,347 - framework.myunit - INFO - opened the browser successed!
2019-08-29 14:28:26,003 - pageobjects.login_page - INFO - https://login-staging.zcygov.cn/login 打开登录地址成功
2019-08-29 14:28:26,063 - framework.base_page - INFO - 清除文本框内容成功username
2019-08-29 14:28:26,183 - framework.base_page - INFO - 输入的内容：13777466979
2019-08-29 14:28:26,247 - framework.base_page - INFO - 清除文本框内容成功password
2019-08-29 14:28:26,331 - framework.base_page - INFO - 输入的内容：test123456
2019-08-29 14:28:31,477 - framework.base_page - INFO - 点击元素成功//button[@class='ant-btn login-btn password-login ant-btn-primary']
2019-08-29 14:28:31,477 - framework.myunit - INFO - ************************starting run test cases************************
2019-08-29 14:28:33,044 - framework.base_page - INFO - https://cart-staging.zcygov.cn/ 地址正常打开
2019-08-29 14:28:36,221 - framework.base_page - INFO - 点击元素成功//div[@class="float-bar-action-del"]/a[text()="删除"]
2019-08-29 14:28:42,227 - pageobjects.order_page - INFO - 删除商品失败
2019-08-29 14:28:43,841 - framework.base_page - INFO - https://vaccine-staging.zcygov.cn/items/175600205?searchType=1&type=vaccine&utm=a0004.2ef5001f.0.0.33d8ffd0ca0411e9af8ed36431cbf75c 地址正常打开
2019-08-29 14:28:46,940 - framework.base_page - INFO - 点击元素成功//*[contains(text(),"加入购物车")]
2019-08-29 14:28:48,395 - framework.base_page - INFO - 点击元素成功//*[contains(text(),"查看购物车")]
2019-08-29 14:28:58,800 - framework.base_page - INFO - 截图 [test_33305_fail.png] 成功保存在 [C:\Users\admin\PycharmProjects\Zcy_Vaccine\reports\screenshots\fail]
2019-08-29 14:28:58,817 - framework.myunit - INFO - ************************test case run completed************************
2019-08-29 14:28:59,910 - pageobjects.login_page - INFO - https://login-staging.zcygov.cn/login 打开登录地址成功
2019-08-29 14:28:59,972 - framework.base_page - INFO - 清除文本框内容成功username
2019-08-29 14:29:00,082 - framework.base_page - INFO - 输入的内容：13777466979
2019-08-29 14:29:00,143 - framework.base_page - INFO - 清除文本框内容成功password
2019-08-29 14:29:00,231 - framework.base_page - INFO - 输入的内容：test123456
2019-08-29 14:29:02,237 - framework.base_page - INFO - 点击元素成功//button[@class='ant-btn login-btn password-login ant-btn-primary']
2019-08-29 14:29:02,237 - framework.myunit - INFO - ************************starting run test cases************************
2019-08-29 14:29:02,664 - framework.base_page - INFO - https://cart-staging.zcygov.cn/ 地址正常打开
2019-08-29 14:29:05,827 - framework.base_page - INFO - 点击元素成功//div[@class="float-bar-action-del"]/a[text()="删除"]
2019-08-29 14:29:11,839 - pageobjects.order_page - INFO - 删除商品失败
2019-08-29 14:29:12,452 - framework.base_page - INFO - https://vaccine-staging.zcygov.cn/items/175600205?searchType=1&type=vaccine&utm=a0004.2ef5001f.0.0.33d8ffd0ca0411e9af8ed36431cbf75c 地址正常打开
2019-08-29 14:29:15,552 - framework.base_page - INFO - 点击元素成功//*[contains(text(),"加入购物车")]
2019-08-29 14:29:17,016 - framework.base_page - INFO - 点击元素成功//*[contains(text(),"查看购物车")]
2019-08-29 14:29:27,459 - framework.base_page - INFO - 截图 [test_33305_fail.png] 成功保存在 [C:\Users\admin\PycharmProjects\Zcy_Vaccine\reports\screenshots\fail]
2019-08-29 14:29:27,475 - framework.myunit - INFO - ************************test case run completed************************
2019-08-29 14:29:30,260 - framework.myunit - INFO - quit the browser success!
