2019-08-28 17:35:02,895 - framework.testreport - INFO - successed to generate test report [C:\Users\admin\PycharmProjects\Vaccine\reports\testReport\report2019-08-28 17_35_02.html]
2019-08-28 17:35:06,028 - framework.driver - INFO - found the chrome driver [<selenium.webdriver.chrome.webdriver.WebDriver (session="833f8a42626cd60f86d59e49a390f8a8")>] successed !
2019-08-28 17:35:07,163 - framework.myunit - INFO - opened the browser successed!
2019-08-28 17:35:09,329 - pageobjects.login_page - INFO - https://login-staging.zcygov.cn/login 打开登录地址成功
2019-08-28 17:35:09,450 - framework.base_page - INFO - 清除文本框内容成功username
2019-08-28 17:35:09,741 - framework.base_page - INFO - 输入的内容：13777466979
2019-08-28 17:35:09,874 - framework.base_page - INFO - 清除文本框内容成功password
2019-08-28 17:35:10,068 - framework.base_page - INFO - 输入的内容：test123456
2019-08-28 17:35:14,331 - framework.base_page - INFO - 点击元素成功//button[@class='ant-btn login-btn password-login ant-btn-primary']
2019-08-28 17:35:14,332 - framework.myunit - INFO - ************************starting run test cases************************
2019-08-28 17:35:15,307 - framework.base_page - INFO - https://cart-staging.zcygov.cn/ 地址正常打开
2019-08-28 17:35:20,522 - framework.base_page - INFO - 点击元素成功float-bar-action-del
2019-08-28 17:35:23,540 - pageobjects.order_page - INFO - 删除商品失败
2019-08-28 17:35:23,800 - framework.base_page - INFO - 截图 [test_33324_fail.png] 成功保存在 [C:\Users\admin\PycharmProjects\Vaccine\reports\screenshots\fail]
2019-08-28 17:35:23,817 - framework.myunit - INFO - ************************test case run completed************************
2019-08-28 17:35:25,057 - pageobjects.login_page - INFO - https://login-staging.zcygov.cn/login 打开登录地址成功
2019-08-28 17:35:25,127 - framework.base_page - INFO - 清除文本框内容成功username
2019-08-28 17:35:25,308 - framework.base_page - INFO - 输入的内容：13777466979
2019-08-28 17:35:25,391 - framework.base_page - INFO - 清除文本框内容成功password
2019-08-28 17:35:25,570 - framework.base_page - INFO - 输入的内容：test123456
2019-08-28 17:35:27,276 - framework.base_page - INFO - 点击元素成功//button[@class='ant-btn login-btn password-login ant-btn-primary']
2019-08-28 17:35:27,277 - framework.myunit - INFO - ************************starting run test cases************************
2019-08-28 17:35:27,643 - framework.base_page - INFO - https://cart-staging.zcygov.cn/ 地址正常打开
2019-08-28 17:35:32,847 - framework.base_page - INFO - 点击元素成功float-bar-action-del
2019-08-28 17:35:35,871 - pageobjects.order_page - INFO - 删除商品失败
2019-08-28 17:35:36,143 - framework.base_page - INFO - 截图 [test_33324_fail.png] 成功保存在 [C:\Users\admin\PycharmProjects\Vaccine\reports\screenshots\fail]
2019-08-28 17:35:36,185 - framework.myunit - INFO - ************************test case run completed************************
2019-08-28 17:35:39,087 - framework.myunit - INFO - quit the browser success!
2019-08-28 17:35:46,927 - framework.testreport - INFO - successed to generate test report [C:\Users\admin\PycharmProjects\Vaccine\reports\testReport\report2019-08-28 17_35_46.html]
2019-08-28 17:35:50,003 - framework.driver - INFO - found the chrome driver [<selenium.webdriver.chrome.webdriver.WebDriver (session="b8b8fca0161964fffc274041377cbded")>] successed !
2019-08-28 17:35:51,143 - framework.myunit - INFO - opened the browser successed!
2019-08-28 17:35:53,260 - pageobjects.login_page - INFO - https://login-staging.zcygov.cn/login 打开登录地址成功
2019-08-28 17:35:53,674 - framework.base_page - INFO - 清除文本框内容成功username
2019-08-28 17:35:53,864 - framework.base_page - INFO - 输入的内容：13777466979
2019-08-28 17:35:53,955 - framework.base_page - INFO - 清除文本框内容成功password
2019-08-28 17:35:54,114 - framework.base_page - INFO - 输入的内容：test123456
2019-08-28 17:35:58,447 - framework.base_page - INFO - 点击元素成功//button[@class='ant-btn login-btn password-login ant-btn-primary']
2019-08-28 17:35:58,447 - framework.myunit - INFO - ************************starting run test cases************************
2019-08-28 17:35:59,982 - framework.base_page - INFO - https://cart-staging.zcygov.cn/ 地址正常打开
2019-08-28 17:36:05,211 - framework.base_page - INFO - 点击元素成功float-bar-action-del
2019-08-28 17:36:08,246 - pageobjects.order_page - INFO - 删除商品失败
2019-08-28 17:36:08,508 - framework.base_page - INFO - 截图 [test_33324_fail.png] 成功保存在 [C:\Users\admin\PycharmProjects\Vaccine\reports\screenshots\fail]
2019-08-28 17:36:08,532 - framework.myunit - INFO - ************************test case run completed************************
2019-08-28 17:36:09,789 - pageobjects.login_page - INFO - https://login-staging.zcygov.cn/login 打开登录地址成功
2019-08-28 17:36:09,874 - framework.base_page - INFO - 清除文本框内容成功username
2019-08-28 17:36:10,071 - framework.base_page - INFO - 输入的内容：13777466979
2019-08-28 17:36:10,168 - framework.base_page - INFO - 清除文本框内容成功password
2019-08-28 17:36:10,322 - framework.base_page - INFO - 输入的内容：test123456
2019-08-28 17:36:11,923 - framework.base_page - INFO - 点击元素成功//button[@class='ant-btn login-btn password-login ant-btn-primary']
2019-08-28 17:36:11,924 - framework.myunit - INFO - ************************starting run test cases************************
2019-08-28 17:36:12,315 - framework.base_page - INFO - https://cart-staging.zcygov.cn/ 地址正常打开
2019-08-28 17:36:17,515 - framework.base_page - INFO - 点击元素成功float-bar-action-del
2019-08-28 17:36:20,527 - pageobjects.order_page - INFO - 删除商品失败
2019-08-28 17:36:20,784 - framework.base_page - INFO - 截图 [test_33324_fail.png] 成功保存在 [C:\Users\admin\PycharmProjects\Vaccine\reports\screenshots\fail]
2019-08-28 17:36:20,801 - framework.myunit - INFO - ************************test case run completed************************
2019-08-28 17:36:23,743 - framework.myunit - INFO - quit the browser success!
