2019-08-28 16:45:46,154 - framework.testreport - INFO - successed to generate test report [C:\Users\admin\PycharmProjects\Vaccine\reports\testReport\report2019-08-28 16_45_46.html]
2019-08-28 16:45:49,027 - framework.driver - INFO - found the chrome driver [<selenium.webdriver.chrome.webdriver.WebDriver (session="e544c8451dbb7d891c626298ff9a30ad")>] successed !
2019-08-28 16:45:50,153 - framework.myunit - INFO - opened the browser successed!
2019-08-28 16:45:52,563 - pageobjects.login_page - INFO - https://login-staging.zcygov.cn/login 打开登录地址成功
2019-08-28 16:45:52,636 - framework.base_page - INFO - 清除文本框内容成功username
2019-08-28 16:45:52,785 - framework.base_page - INFO - 输入的内容：13777466979
2019-08-28 16:45:52,845 - framework.base_page - INFO - 清除文本框内容成功password
2019-08-28 16:45:52,939 - framework.base_page - INFO - 输入的内容：test123456
2019-08-28 16:45:57,039 - framework.base_page - INFO - 点击元素成功//button[@class='ant-btn login-btn password-login ant-btn-primary']
2019-08-28 16:45:57,039 - framework.myunit - INFO - ************************starting run test cases************************
2019-08-28 16:45:57,927 - framework.base_page - INFO - https://cart-staging.zcygov.cn/ 地址正常打开
2019-08-28 16:45:57,944 - framework.base_page - ERROR - 查找元素超时!
Traceback (most recent call last):
  File "C:\Users\admin\PycharmProjects\Vaccine\framework\base_page.py", line 106, in find_element
    EC.visibility_of(self.driver.find_element_by_css_selector(value)))
  File "C:\Users\admin\PycharmProjects\UITest\venv\lib\site-packages\selenium\webdriver\remote\webdriver.py", line 598, in find_element_by_css_selector
    return self.find_element(by=By.CSS_SELECTOR, value=css_selector)
  File "C:\Users\admin\PycharmProjects\UITest\venv\lib\site-packages\selenium\webdriver\remote\webdriver.py", line 978, in find_element
    'value': value})['value']
  File "C:\Users\admin\PycharmProjects\UITest\venv\lib\site-packages\selenium\webdriver\remote\webdriver.py", line 321, in execute
    self.error_handler.check_response(response)
  File "C:\Users\admin\PycharmProjects\UITest\venv\lib\site-packages\selenium\webdriver\remote\errorhandler.py", line 242, in check_response
    raise exception_class(message, screen, stacktrace)
selenium.common.exceptions.InvalidSelectorException: Message: invalid selector: An invalid or illegal selector was specified
  (Session info: chrome=73.0.3683.103)
  (Driver info: chromedriver=2.40.565498 (ea082db3280dd6843ebfb08a625e3eb905c4f5ab),platform=Windows NT 10.0.17134 x86_64)

2019-08-28 16:45:57,946 - pageobjects.order_page - ERROR - 未查找到该元素
Traceback (most recent call last):
  File "C:\Users\admin\PycharmProjects\Vaccine\pageobjects\order_page.py", line 34, in clearcart
    BasePage(self.driver).click(OrderData.allbtn_selectors)
  File "C:\Users\admin\PycharmProjects\Vaccine\framework\base_page.py", line 218, in click
    element = self.find_element(selector)
  File "C:\Users\admin\PycharmProjects\Vaccine\framework\base_page.py", line 116, in find_element
    raise e
  File "C:\Users\admin\PycharmProjects\Vaccine\framework\base_page.py", line 106, in find_element
    EC.visibility_of(self.driver.find_element_by_css_selector(value)))
  File "C:\Users\admin\PycharmProjects\UITest\venv\lib\site-packages\selenium\webdriver\remote\webdriver.py", line 598, in find_element_by_css_selector
    return self.find_element(by=By.CSS_SELECTOR, value=css_selector)
  File "C:\Users\admin\PycharmProjects\UITest\venv\lib\site-packages\selenium\webdriver\remote\webdriver.py", line 978, in find_element
    'value': value})['value']
  File "C:\Users\admin\PycharmProjects\UITest\venv\lib\site-packages\selenium\webdriver\remote\webdriver.py", line 321, in execute
    self.error_handler.check_response(response)
  File "C:\Users\admin\PycharmProjects\UITest\venv\lib\site-packages\selenium\webdriver\remote\errorhandler.py", line 242, in check_response
    raise exception_class(message, screen, stacktrace)
selenium.common.exceptions.InvalidSelectorException: Message: invalid selector: An invalid or illegal selector was specified
  (Session info: chrome=73.0.3683.103)
  (Driver info: chromedriver=2.40.565498 (ea082db3280dd6843ebfb08a625e3eb905c4f5ab),platform=Windows NT 10.0.17134 x86_64)

2019-08-28 16:45:58,234 - framework.base_page - INFO - 截图 [test_33324_pass.png] 成功保存在 [C:\Users\admin\PycharmProjects\Vaccine\reports\screenshots\pass]
2019-08-28 16:45:58,234 - test_33324 - INFO - 清空购物车成功
2019-08-28 16:45:58,251 - framework.myunit - INFO - ************************test case run completed************************
2019-08-28 16:46:00,480 - framework.myunit - INFO - quit the browser success!
