2019-08-29 14:13:58,885 - framework.testreport - INFO - successed to generate test report [C:\Users\admin\PycharmProjects\Zcy_Vaccine\reports\testReport\report2019-08-29 14_13_58.html]
2019-08-29 14:14:01,376 - framework.driver - INFO - found the chrome driver [<selenium.webdriver.chrome.webdriver.WebDriver (session="ad406f7de327480d7fda633cd2db955b")>] successed !
2019-08-29 14:14:02,498 - framework.myunit - INFO - opened the browser successed!
2019-08-29 14:14:05,018 - pageobjects.login_page - INFO - https://login-staging.zcygov.cn/login 打开登录地址成功
2019-08-29 14:14:05,077 - framework.base_page - INFO - 清除文本框内容成功username
2019-08-29 14:14:05,189 - framework.base_page - INFO - 输入的内容：13777466979
2019-08-29 14:14:05,250 - framework.base_page - INFO - 清除文本框内容成功password
2019-08-29 14:14:05,340 - framework.base_page - INFO - 输入的内容：test123456
2019-08-29 14:14:09,767 - framework.base_page - INFO - 点击元素成功//button[@class='ant-btn login-btn password-login ant-btn-primary']
2019-08-29 14:14:09,767 - framework.myunit - INFO - ************************starting run test cases************************
2019-08-29 14:14:10,769 - framework.base_page - INFO - https://cart-staging.zcygov.cn/ 地址正常打开
2019-08-29 14:14:13,943 - framework.base_page - INFO - 点击元素成功//div[@class="float-bar-action-del"]/a[text()="删除"]
2019-08-29 14:14:19,961 - pageobjects.order_page - INFO - 删除商品失败
2019-08-29 14:14:21,001 - framework.base_page - INFO - https://vaccine-staging.zcygov.cn/items/175600205?searchType=1&type=vaccine&utm=a0004.2ef5001f.0.0.33d8ffd0ca0411e9af8ed36431cbf75c 地址正常打开
2019-08-29 14:14:26,103 - framework.base_page - INFO - 点击元素成功//*[contains(text(),"加入购物车")]
2019-08-29 14:14:27,401 - framework.base_page - INFO - 点击元素成功//*[contains(text(),"查看购物车")]
2019-08-29 14:14:37,835 - framework.base_page - INFO - 截图 [test_33305_fail.png] 成功保存在 [C:\Users\admin\PycharmProjects\Zcy_Vaccine\reports\screenshots\fail]
2019-08-29 14:14:37,853 - framework.myunit - INFO - ************************test case run completed************************
2019-08-29 14:14:38,997 - pageobjects.login_page - INFO - https://login-staging.zcygov.cn/login 打开登录地址成功
2019-08-29 14:14:39,051 - framework.base_page - INFO - 清除文本框内容成功username
2019-08-29 14:14:39,169 - framework.base_page - INFO - 输入的内容：13777466979
2019-08-29 14:14:39,233 - framework.base_page - INFO - 清除文本框内容成功password
2019-08-29 14:14:39,321 - framework.base_page - INFO - 输入的内容：test123456
2019-08-29 14:14:41,135 - framework.base_page - INFO - 点击元素成功//button[@class='ant-btn login-btn password-login ant-btn-primary']
2019-08-29 14:14:41,135 - framework.myunit - INFO - ************************starting run test cases************************
2019-08-29 14:14:41,803 - framework.base_page - INFO - https://cart-staging.zcygov.cn/ 地址正常打开
2019-08-29 14:14:44,965 - framework.base_page - INFO - 点击元素成功//div[@class="float-bar-action-del"]/a[text()="删除"]
