2019-09-16 15:40:10,472 - framework.testreport - INFO - successed to generate test report [C:\Users\admin\PycharmProjects\Zcy_Vaccine\reports\testReport\report2019-09-16 15_40_10.html]
2019-09-16 15:40:12,956 - framework.driver - INFO - found the chrome driver [<selenium.webdriver.chrome.webdriver.WebDriver (session="23a714b8b219578407e315cd50e20903")>] successed !
2019-09-16 15:40:12,956 - framework.myunit - INFO - opened the browser successed!
2019-09-16 15:40:14,997 - pageobjects.login_page - INFO - https://login-staging.zcygov.cn/login 打开登录地址成功
2019-09-16 15:40:15,073 - framework.base_page - INFO - 清除文本框内容成功username
2019-09-16 15:40:15,195 - framework.base_page - INFO - 输入的内容：13777466979
2019-09-16 15:40:15,258 - framework.base_page - INFO - 清除文本框内容成功password
2019-09-16 15:40:15,355 - framework.base_page - INFO - 输入的内容：test123456
2019-09-16 15:40:19,428 - framework.base_page - INFO - 点击元素成功//button[@class='ant-btn login-btn password-login ant-btn-primary']
2019-09-16 15:40:19,428 - framework.myunit - INFO - ************************starting run test cases************************
2019-09-16 15:40:23,202 - framework.base_page - INFO - https://cart-staging.zcygov.cn/ 地址正常打开
2019-09-16 15:40:26,394 - framework.base_page - INFO - 点击元素成功//div[@class="float-bar-action-del"]/a[text()="删除"]
2019-09-16 15:40:32,445 - pageobjects.order_page - INFO - 删除商品失败
2019-09-16 15:40:33,361 - framework.base_page - INFO - https://vaccine-staging.zcygov.cn/items/175600205?searchType=1&type=vaccine&utm=a0004.2ef5001f.0.0.33d8ffd0ca0411e9af8ed36431cbf75c 地址正常打开
2019-09-16 15:40:34,008 - framework.base_page - INFO - 点击元素成功//*[contains(text(),"加入购物车")]
2019-09-16 15:40:35,456 - framework.base_page - INFO - 点击元素成功//*[contains(text(),"查看购物车")]
2019-09-16 15:40:52,326 - framework.base_page - INFO - 点击元素成功select2-selection__placeholder
2019-09-16 15:40:52,406 - framework.base_page - INFO - 点击元素成功//li[text()="席胜军"]
2019-09-16 15:40:52,514 - framework.base_page - INFO - 点击元素成功//button[text()="提交"]
2019-09-16 15:40:53,025 - framework.base_page - INFO - 点击元素成功submit
2019-09-16 15:40:54,614 - framework.base_page - INFO - 点击元素成功//button[@class="btn btn-minor submit close"]
2019-09-16 15:40:54,707 - framework.myunit - INFO - ************************test case run completed************************
2019-09-16 15:40:58,261 - framework.myunit - INFO - quit the browser success!
2019-09-16 15:40:58,269 - framework.send_email - INFO - 添加附件
2019-09-16 15:40:58,362 - framework.send_email - INFO - 连接成功
2019-09-16 15:40:59,422 - framework.send_email - INFO - 2019-09-16-15_40_59----发送邮件成功
