2019-09-16 17:15:36,798 - framework.testreport - INFO - successed to generate test report [C:\Users\admin\PycharmProjects\Zcy_Vaccine\reports\testReport\report2019-09-16 17_15_36.html]
2019-09-16 17:15:39,331 - framework.driver - INFO - found the chrome driver [<selenium.webdriver.chrome.webdriver.WebDriver (session="a31b0a2e8fb7fd37d280bb3719a15bc4")>] successed !
2019-09-16 17:15:39,332 - framework.myunit - INFO - opened the browser successed!
2019-09-16 17:15:41,428 - pageobjects.login_page - INFO - https://login-staging.zcygov.cn/login 打开登录地址成功
2019-09-16 17:15:41,498 - framework.base_page - INFO - 清除文本框内容成功username
2019-09-16 17:15:41,615 - framework.base_page - INFO - 输入的内容：13777466979
2019-09-16 17:15:41,698 - framework.base_page - INFO - 清除文本框内容成功password
2019-09-16 17:15:41,798 - framework.base_page - INFO - 输入的内容：test123456
2019-09-16 17:15:45,875 - framework.base_page - INFO - 点击元素成功//button[@class='ant-btn login-btn password-login ant-btn-primary']
2019-09-16 17:15:45,875 - framework.myunit - INFO - ************************starting run test cases************************
2019-09-16 17:15:46,999 - framework.base_page - INFO - https://vaccine-staging.zcygov.cn/items/175600205?searchType=1&type=vaccine&utm=a0004.2ef5001f.0.0.33d8ffd0ca0411e9af8ed36431cbf75c 地址正常打开
2019-09-16 17:15:49,098 - framework.base_page - INFO - 点击元素成功//*[contains(text(),"立即下单")]
2019-09-16 17:15:57,647 - framework.base_page - INFO - 点击元素成功select2-selection__placeholder
2019-09-16 17:15:57,721 - framework.base_page - INFO - 点击元素成功//li[text()="席胜军"]
2019-09-16 17:15:57,879 - framework.base_page - INFO - 点击元素成功//button[text()="提交"]
2019-09-16 17:15:58,273 - framework.base_page - INFO - 点击元素成功submit
2019-09-16 17:15:59,932 - framework.base_page - INFO - 点击元素成功//button[@class="btn btn-minor submit close"]
2019-09-16 17:16:01,082 - framework.base_page - INFO - 点击元素成功div.pur-list-body > table > tbody > tr:nth-child(1) > td:nth-child(7) > a:nth-child(1)
2019-09-16 17:16:01,273 - framework.base_page - INFO - 点击元素成功//button[text()="提交审核意见"]
2019-09-16 17:16:01,361 - framework.base_page - INFO - 点击元素成功submit
2019-09-16 17:16:02,546 - framework.base_page - INFO - 点击元素成功//button[@class="btn btn-minor submit close"]
2019-09-16 17:16:03,806 - framework.base_page - INFO - 点击元素成功div.pur-list-body > table > tbody > tr:nth-child(1) > td:nth-child(7) > a:nth-child(1)
2019-09-16 17:16:04,015 - framework.base_page - INFO - 点击元素成功//button[text()="提交审核意见"]
2019-09-16 17:16:04,095 - framework.base_page - INFO - 点击元素成功submit
2019-09-16 17:16:05,266 - framework.base_page - INFO - 点击元素成功//button[@class="btn btn-minor submit close"]
2019-09-16 17:16:06,597 - framework.base_page - INFO - 点击元素成功div.pur-list-body > table > tbody > tr:nth-child(1) > td:nth-child(7) > a:nth-child(1)
2019-09-16 17:16:06,821 - framework.base_page - INFO - 点击元素成功//button[text()="提交审核意见"]
2019-09-16 17:16:06,909 - framework.base_page - INFO - 点击元素成功submit
2019-09-16 17:16:08,237 - framework.base_page - INFO - 点击元素成功//button[@class="btn btn-minor submit close"]
2019-09-16 17:16:09,382 - framework.base_page - INFO - 点击元素成功div.pur-list-body > table > tbody > tr:nth-child(1) > td:nth-child(7) > a:nth-child(1)
2019-09-16 17:16:09,610 - framework.base_page - INFO - 点击元素成功//button[text()="确定订单"]
2019-09-16 17:16:11,633 - framework.base_page - INFO - 刷新页面
2019-09-16 17:16:13,209 - pageobjects.login_page - INFO - https://login-staging.zcygov.cn/login 打开登录地址成功
2019-09-16 17:16:13,385 - framework.base_page - INFO - 清除文本框内容成功username
2019-09-16 17:16:13,496 - framework.base_page - INFO - 输入的内容：SINOVAC
2019-09-16 17:16:13,559 - framework.base_page - INFO - 清除文本框内容成功password
2019-09-16 17:16:13,643 - framework.base_page - INFO - 输入的内容：test123456
2019-09-16 17:16:15,557 - framework.base_page - INFO - 点击元素成功//button[@class='ant-btn login-btn password-login ant-btn-primary']
2019-09-16 17:16:17,319 - framework.base_page - INFO - https://staging.zcygov.cn/seller/vaccine-orders 地址正常打开
2019-09-16 17:16:17,486 - framework.base_page - INFO - 点击元素成功div.order-form-list-body > table > tbody > tr:nth-child(1)  > td:nth-child(7) > a
2019-09-16 17:16:17,810 - framework.base_page - INFO - 点击元素成功//button[text()="确认接单"]
2019-09-16 17:16:17,825 - framework.base_page - INFO - 刷新页面
2019-09-16 17:16:19,818 - pageobjects.login_page - INFO - https://login-staging.zcygov.cn/login 打开登录地址成功
2019-09-16 17:16:19,994 - framework.base_page - INFO - 清除文本框内容成功username
2019-09-16 17:16:20,099 - framework.base_page - INFO - 输入的内容：13777466979
2019-09-16 17:16:20,184 - framework.base_page - INFO - 清除文本框内容成功password
2019-09-16 17:16:20,275 - framework.base_page - INFO - 输入的内容：test123456
2019-09-16 17:16:21,855 - framework.base_page - INFO - 点击元素成功//button[@class='ant-btn login-btn password-login ant-btn-primary']
2019-09-16 17:16:23,154 - framework.base_page - INFO - https://staging.zcygov.cn/buyer/vaccine-orders 地址正常打开
2019-09-16 17:16:23,298 - framework.base_page - INFO - 点击元素成功div.order-form-list-body > table > tbody > tr:nth-child(1) > td:nth-child(8)> a:nth-child(3)
2019-09-16 17:16:23,362 - framework.base_page - INFO - 清除文本框内容成功js-cancel-reason
2019-09-16 17:16:23,413 - framework.base_page - INFO - 输入的内容：测试环境取消订单
2019-09-16 17:16:23,490 - framework.base_page - INFO - 点击元素成功//button[text()="确定"]
2019-09-16 17:16:23,502 - framework.base_page - INFO - 刷新页面
2019-09-16 17:16:24,999 - pageobjects.login_page - INFO - https://login-staging.zcygov.cn/login 打开登录地址成功
2019-09-16 17:16:25,171 - framework.base_page - INFO - 清除文本框内容成功username
2019-09-16 17:16:25,260 - framework.base_page - INFO - 输入的内容：SINOVAC
2019-09-16 17:16:25,320 - framework.base_page - INFO - 清除文本框内容成功password
2019-09-16 17:16:25,409 - framework.base_page - INFO - 输入的内容：test123456
2019-09-16 17:16:26,982 - framework.base_page - INFO - 点击元素成功//button[@class='ant-btn login-btn password-login ant-btn-primary']
2019-09-16 17:16:28,275 - framework.base_page - INFO - https://staging.zcygov.cn/seller/vaccine-orders 地址正常打开
2019-09-16 17:16:28,469 - framework.base_page - INFO - 点击元素成功div.order-form-list-body > table > tbody > tr:nth-child(1)  > td:nth-child(7) > a:nth-child(3)
2019-09-16 17:16:28,530 - framework.base_page - INFO - 清除文本框内容成功js-cancel-reason
2019-09-16 17:16:28,578 - framework.base_page - INFO - 输入的内容：供应商同意取消订单
2019-09-16 17:16:28,654 - framework.base_page - INFO - 点击元素成功//button[text()="确定"]
2019-09-16 17:16:28,665 - framework.base_page - INFO - 刷新页面
2019-09-16 17:16:29,852 - framework.base_page - INFO - 获取元素内容: 订单取消
2019-09-16 17:16:30,155 - framework.base_page - INFO - 截图 [test_33315_pass.png] 成功保存在 [C:\Users\admin\PycharmProjects\Zcy_Vaccine\reports\screenshots\pass]
2019-09-16 17:16:30,155 - test_33315 - INFO - 运行成功：供应商接单后，取消订单成功
2019-09-16 17:16:30,166 - framework.myunit - INFO - ************************test case run completed************************
2019-09-16 17:16:32,389 - framework.myunit - INFO - quit the browser success!
