2019-09-03 10:16:53,768 - framework.testreport - INFO - successed to generate test report [C:\Users\admin\PycharmProjects\Zcy_Vaccine\reports\testReport\report2019-09-03 10_16_53.html]
2019-09-03 10:16:56,329 - framework.driver - INFO - found the chrome driver [<selenium.webdriver.chrome.webdriver.WebDriver (session="a8205733de5811c45cea80e50abbd85b")>] successed !
2019-09-03 10:16:57,471 - test_33301_login - INFO - 启动浏览器成功
2019-09-03 10:17:00,178 - pageobjects.login_page - INFO - https://login-staging.zcygov.cn/login 打开登录地址成功
2019-09-03 10:17:00,178 - test_33301_login - INFO - ************************starting run test cases************************
2019-09-03 10:17:00,253 - framework.base_page - INFO - 清除文本框内容成功username
2019-09-03 10:17:00,393 - framework.base_page - INFO - 输入的内容：13777466979
2019-09-03 10:17:00,469 - framework.base_page - INFO - 清除文本框内容成功password
2019-09-03 10:17:00,601 - framework.base_page - INFO - 输入的内容：test123456
2019-09-03 10:17:05,676 - framework.base_page - INFO - 点击元素成功//button[@class='ant-btn login-btn password-login ant-btn-primary']
2019-09-03 10:17:05,683 - framework.base_page - INFO - 当前窗口的title是: 政采云，一站式政府采购云平台-引导页
2019-09-03 10:17:06,202 - framework.base_page - INFO - 截图 [login_33301_pass.png] 成功保存在 [C:\Users\admin\PycharmProjects\Zcy_Vaccine\reports\screenshots\pass]
2019-09-03 10:17:06,202 - test_33301_login - INFO - 运行成功：用户名正确,密码正确,登录成功
2019-09-03 10:17:13,463 - framework.base_page - INFO - 关闭浏览器
2019-09-03 10:17:16,218 - framework.driver - INFO - found the chrome driver [<selenium.webdriver.chrome.webdriver.WebDriver (session="26718c1875b6db405233332364ba74c3")>] successed !
2019-09-03 10:17:17,353 - framework.myunit - INFO - opened the browser successed!
2019-09-03 10:17:23,386 - pageobjects.login_page - INFO - https://login-staging.zcygov.cn/login 打开登录地址成功
2019-09-03 10:17:23,723 - framework.base_page - INFO - 清除文本框内容成功username
2019-09-03 10:17:23,866 - framework.base_page - INFO - 输入的内容：13777466979
2019-09-03 10:17:23,937 - framework.base_page - INFO - 清除文本框内容成功password
2019-09-03 10:17:24,046 - framework.base_page - INFO - 输入的内容：test123456
2019-09-03 10:17:32,431 - framework.base_page - INFO - 点击元素成功//button[@class='ant-btn login-btn password-login ant-btn-primary']
2019-09-03 10:17:32,432 - framework.myunit - INFO - ************************starting run test cases************************
2019-09-03 10:17:32,548 - framework.base_page - INFO - 点击元素成功user-toggle
2019-09-03 10:17:35,907 - framework.base_page - INFO - 点击元素成功logout
2019-09-03 10:17:35,915 - framework.base_page - INFO - 当前窗口的title是: 政采云，一站式政府采购云平台—登录相关
2019-09-03 10:17:36,310 - framework.base_page - INFO - 截图 [logout_0116_pass.png] 成功保存在 [C:\Users\admin\PycharmProjects\Zcy_Vaccine\reports\screenshots\pass]
2019-09-03 10:17:36,310 - test_33311_logout - INFO - 运行成功：退出成功
2019-09-03 10:17:36,335 - framework.myunit - INFO - ************************test case run completed************************
2019-09-03 10:17:38,850 - framework.myunit - INFO - quit the browser success!
2019-09-03 10:17:38,867 - framework.send_email - INFO - 添加附件
2019-09-03 10:17:38,972 - framework.send_email - ERROR - 邮件发送失败
Traceback (most recent call last):
  File "C:\Users\admin\PycharmProjects\Zcy_Vaccine\framework\send_email.py", line 34, in setemail
    s.connect(smtpserver)
  File "D:\installedFiles\python3.7.1\lib\smtplib.py", line 336, in connect
    self.sock = self._get_socket(host, port, self.timeout)
  File "D:\installedFiles\python3.7.1\lib\smtplib.py", line 1039, in _get_socket
    server_hostname=self._host)
  File "D:\installedFiles\python3.7.1\lib\ssl.py", line 412, in wrap_socket
    session=session
  File "D:\installedFiles\python3.7.1\lib\ssl.py", line 846, in _create
    owner=self, session=self._session,
ValueError: server_hostname cannot be an empty string or start with a leading dot.
